#
# A fatal error has been detected by the Java Runtime Environment:
#
#  EXCEPTION_IN_PAGE_ERROR (0xc0000006) at pc=0x00007ffedaa56760, pid=2312, tid=3404
#
# JRE version: OpenJDK Runtime Environment Temurin-17.0.6+10 (17.0.6+10) (build 17.0.6+10)
# Java VM: OpenJDK 64-Bit Server VM Temurin-17.0.6+10 (17.0.6+10, mixed mode, tiered, compressed oops, compressed class ptrs, g1 gc, windows-amd64)
# Problematic frame:
# V  [jvm.dll+0x556760]
#
# No core dump will be written. Minidumps are not enabled by default on client versions of Windows
#
# If you would like to submit a bug report, please visit:
#   https://github.com/adoptium/adoptium-support/issues
#

---------------  S U M M A R Y ------------

Command Line: -Dfile.encoding=UTF-8 -XX:+ShowCodeDetailsInExceptionMessages org.hibernate.internal.util.collections.ArrayHelper

Host: Intel(R) Core(TM) i7-10700 CPU @ 2.90GHz, 16 cores, 15G,  Windows 10 , 64 bit Build 19041 (10.0.19041.3031)
Time: Mon Jul 10 10:03:12 2023 India Standard Time elapsed time: 5.164442 seconds (0d 0h 0m 5s)

---------------  T H R E A D  ---------------

Current thread (0x000001eaffca93b0):  JavaThread "C2 CompilerThread0" daemon [_thread_in_vm, id=3404, stack(0x000000b9e9300000,0x000000b9e9400000)]

Stack: [0x000000b9e9300000,0x000000b9e9400000],  sp=0x000000b9e93fc8e8,  free space=1010k
Native frames: (J=compiled Java code, j=interpreted, Vv=VM code, C=native code)
V  [jvm.dll+0x556760]


siginfo: EXCEPTION_IN_PAGE_ERROR (0xc0000006), data execution prevention violation at address 0x00007ffedaa56760


Register to memory mapping:

RIP=0x00007ffedaa56760 jvm.dll
RAX=0x00007ffedae97998 jvm.dll
RBX=0x0000000000000001 is an unknown value
RCX=0x000001eaffe0fbd0 points into unknown readable memory: 0x00007ffedae97998 | 98 79 e9 da fe 7f 00 00
RDX=0x0000000000000001 is an unknown value
RSP=0x000000b9e93fc8e8 is pointing into the stack for thread: 0x000001eaffca93b0
RBP=0x000000b9e93fca18 is pointing into the stack for thread: 0x000001eaffca93b0
RSI=0x0 is NULL
RDI=0x0000000000000008 is an unknown value
R8 =0x000001eaffe84d40 points into unknown readable memory: 0x752f6e7573150001 | 01 00 15 73 75 6e 2f 75
R9 =0x0 is NULL
R10=0x000001eaffe0f570 points into unknown readable memory: 0x000001eaffe0f088 | 88 f0 e0 ff ea 01 00 00
R11=0x000001eaffe851e0 points into unknown readable memory: 0x0000000000000000 | 00 00 00 00 00 00 00 00
R12=0x0000000000000001 is an unknown value
R13=0xffffffffffffffff is an unknown value
R14=0x000001eaffe0fbd0 points into unknown readable memory: 0x00007ffedae97998 | 98 79 e9 da fe 7f 00 00
R15=0x0000000000000003 is an unknown value


Registers:
RAX=0x00007ffedae97998, RBX=0x0000000000000001, RCX=0x000001eaffe0fbd0, RDX=0x0000000000000001
RSP=0x000000b9e93fc8e8, RBP=0x000000b9e93fca18, RSI=0x0000000000000000, RDI=0x0000000000000008
R8 =0x000001eaffe84d40, R9 =0x0000000000000000, R10=0x000001eaffe0f570, R11=0x000001eaffe851e0
R12=0x0000000000000001, R13=0xffffffffffffffff, R14=0x000001eaffe0fbd0, R15=0x0000000000000003
RIP=0x00007ffedaa56760, EFLAGS=0x0000000000010202

Top of Stack: (sp=0x000000b9e93fc8e8)
0x000000b9e93fc8e8:   00007ffedab02bcc 0000000000000000
0x000000b9e93fc8f8:   0000000002000002 0000000000000000
0x000000b9e93fc908:   0000000000000000 0000000000000000
0x000000b9e93fc918:   0000000000000000 0000000300000000
0x000000b9e93fc928:   0000000000000008 000000b9e93fcf10
0x000000b9e93fc938:   000001eaffe84d00 000001eaffe84d40
0x000000b9e93fc948:   000001eaffe0fbd0 000001eaffe84d40
0x000000b9e93fc958:   000000b9e93fd898 0000000000000001
0x000000b9e93fc968:   00007ffedab08ad7 000000b9e93fcf10
0x000000b9e93fc978:   0000000000000000 000001eaffe84d40
0x000000b9e93fc988:   0000000000000000 000000b9e93fca18
0x000000b9e93fc998:   00007ffeda579c9b 00000000000027d8
0x000000b9e93fc9a8:   000001eaffe874e8 0000000000000000
0x000000b9e93fc9b8:   00007ffedaeb31f0 000000b9e93fcf10
0x000000b9e93fc9c8:   00007ffedabd34b0 0000000000000000
0x000000b9e93fc9d8:   000001eaffce5688 000001eaffcb68a0 

Instructions: (pc=0x00007ffedaa56760)
0x00007ffedaa56660:   75 05 40 b5 01 eb 03 40 32 ed 48 8d 4c 24 20 e8
0x00007ffedaa56670:   cc 43 df ff 48 8b bb e8 00 00 00 48 8b 4f 10 48
0x00007ffedaa56680:   83 39 00 74 0c 48 8b cf e8 73 44 df ff 48 8b 4f
0x00007ffedaa56690:   10 48 8b 47 08 48 89 48 10 48 8b 4f 08 48 8b 47
0x00007ffedaa566a0:   18 48 89 41 18 48 8b 4f 08 48 8b 47 20 48 89 41
0x00007ffedaa566b0:   20 48 8d 8b 88 02 00 00 e8 43 36 d7 ff c7 83 38
0x00007ffedaa566c0:   03 00 00 04 00 00 00 40 84 ed 74 74 41 80 3e 00
0x00007ffedaa566d0:   75 05 e8 a9 8b 33 00 49 8b 45 00 48 8b 88 d0 04
0x00007ffedaa566e0:   00 00 48 8b 91 80 00 00 00 b9 18 00 00 00 48 81
0x00007ffedaa566f0:   c2 38 01 00 00 e8 26 f9 b4 ff 48 8b f8 48 85 c0
0x00007ffedaa56700:   74 38 41 8b cf e8 c6 04 2e 00 41 8b cf 0f b6 d8
0x00007ffedaa56710:   e8 7b 35 2e 00 48 8d 0d 24 9c 43 00 88 47 12 48
0x00007ffedaa56720:   89 0f 48 8b c7 48 89 77 08 44 88 67 10 88 5f 11
0x00007ffedaa56730:   c6 47 13 ff 44 89 7f 14 eb 08 33 ff 8b c7 eb 02
0x00007ffedaa56740:   33 c0 48 8b 5c 24 60 48 8b 6c 24 70 48 8b 74 24
0x00007ffedaa56750:   78 48 83 c4 30 41 5f 41 5e 41 5d 41 5c 5f c3 cc
0x00007ffedaa56760:   33 c0 83 fa 02 0f 94 c0 c3 cc cc cc cc cc cc cc
0x00007ffedaa56770:   40 53 48 83 ec 20 48 8b 59 48 48 8b 4b 18 e8 2d
0x00007ffedaa56780:   f4 29 00 48 63 c8 48 8d 05 53 8c 5a 00 8b 04 88
0x00007ffedaa56790:   0f af 43 20 48 83 c4 20 5b c3 cc cc cc cc cc cc
0x00007ffedaa567a0:   48 83 ec 28 85 d2 74 59 83 ea 01 74 4a 83 ea 01
0x00007ffedaa567b0:   74 3b 83 ea 01 74 2c 83 fa 01 74 1d ba a7 08 00
0x00007ffedaa567c0:   00 48 8d 0d 80 a7 43 00 e8 43 ee ce ff e8 be 07
0x00007ffedaa567d0:   12 00 33 c0 48 83 c4 28 c3 b8 00 02 00 00 48 83
0x00007ffedaa567e0:   c4 28 c3 b8 00 01 00 00 48 83 c4 28 c3 b8 00 04
0x00007ffedaa567f0:   00 00 48 83 c4 28 c3 b8 80 00 00 00 48 83 c4 28
0x00007ffedaa56800:   c3 b8 40 00 00 00 48 83 c4 28 c3 cc cc cc cc cc
0x00007ffedaa56810:   0f be 41 12 c3 cc cc cc cc cc cc cc cc cc cc cc
0x00007ffedaa56820:   8b 41 68 c3 cc cc cc cc cc cc cc cc cc cc cc cc
0x00007ffedaa56830:   48 89 5c 24 08 48 89 6c 24 10 48 89 74 24 18 57
0x00007ffedaa56840:   41 56 41 57 48 83 ec 70 48 8b 59 28 49 8b e9 4d
0x00007ffedaa56850:   8b f0 48 8b f2 48 8b f9 48 8b 43 38 44 8b 50 20 


Stack slot to memory mapping:
stack at sp + 0 slots: 0x00007ffedab02bcc jvm.dll
stack at sp + 1 slots: 0x0 is NULL
stack at sp + 2 slots: 0x0000000002000002 is an unknown value
stack at sp + 3 slots: 0x0 is NULL
stack at sp + 4 slots: 0x0 is NULL
stack at sp + 5 slots: 0x0 is NULL
stack at sp + 6 slots: 0x0 is NULL
stack at sp + 7 slots: 0x0000000300000000 is an unknown value


---------------  P R O C E S S  ---------------

Threads class SMR info:
_java_thread_list=0x000001eaffe43300, length=14, elements={
0x000001eaf6a24730, 0x000001eaffc52570, 0x000001eaffc53660, 0x000001eaffc99290,
0x000001eaffc99d50, 0x000001eaffc9c810, 0x000001eaffc9d1c0, 0x000001eaffca93b0,
0x000001eaffcabe60, 0x000001eaffcb5020, 0x000001eaffe35d90, 0x000001eaffe3e6d0,
0x000001eaffe80820, 0x000001eaffe99410
}

Java Threads: ( => current thread )
  0x000001eaf6a24730 JavaThread "main" [_thread_blocked, id=10900, stack(0x000000b9e8600000,0x000000b9e8700000)]
  0x000001eaffc52570 JavaThread "Reference Handler" daemon [_thread_blocked, id=8592, stack(0x000000b9e8d00000,0x000000b9e8e00000)]
  0x000001eaffc53660 JavaThread "Finalizer" daemon [_thread_blocked, id=4532, stack(0x000000b9e8e00000,0x000000b9e8f00000)]
  0x000001eaffc99290 JavaThread "Signal Dispatcher" daemon [_thread_blocked, id=10720, stack(0x000000b9e8f00000,0x000000b9e9000000)]
  0x000001eaffc99d50 JavaThread "Attach Listener" daemon [_thread_blocked, id=8172, stack(0x000000b9e9000000,0x000000b9e9100000)]
  0x000001eaffc9c810 JavaThread "Service Thread" daemon [_thread_blocked, id=10528, stack(0x000000b9e9100000,0x000000b9e9200000)]
  0x000001eaffc9d1c0 JavaThread "Monitor Deflation Thread" daemon [_thread_blocked, id=9136, stack(0x000000b9e9200000,0x000000b9e9300000)]
=>0x000001eaffca93b0 JavaThread "C2 CompilerThread0" daemon [_thread_in_vm, id=3404, stack(0x000000b9e9300000,0x000000b9e9400000)]
  0x000001eaffcabe60 JavaThread "C1 CompilerThread0" daemon [_thread_blocked, id=14748, stack(0x000000b9e9400000,0x000000b9e9500000)]
  0x000001eaffcb5020 JavaThread "Sweeper thread" daemon [_thread_blocked, id=8448, stack(0x000000b9e9500000,0x000000b9e9600000)]
  0x000001eaffe35d90 JavaThread "C1 CompilerThread1" daemon [_thread_blocked, id=8364, stack(0x000000b9e9600000,0x000000b9e9700000)]
  0x000001eaffe3e6d0 JavaThread "C1 CompilerThread2" daemon [_thread_blocked, id=3340, stack(0x000000b9e9700000,0x000000b9e9800000)]
  0x000001eaffe80820 JavaThread "Notification Thread" daemon [_thread_blocked, id=10488, stack(0x000000b9e9800000,0x000000b9e9900000)]
  0x000001eaffe99410 JavaThread "Common-Cleaner" daemon [_thread_blocked, id=12784, stack(0x000000b9e9a00000,0x000000b9e9b00000)]

Other Threads:
  0x000001eaff0fece0 VMThread "VM Thread" [stack: 0x000000b9e8c00000,0x000000b9e8d00000] [id=10500] _threads_hazard_ptr=0x000001eaffe43300
  0x000001eaf6ab2280 WatcherThread [stack: 0x000000b9e9900000,0x000000b9e9a00000] [id=8080]
  0x000001eaf6a91b70 GCTaskThread "GC Thread#0" [stack: 0x000000b9e8700000,0x000000b9e8800000] [id=7804]
  0x000001eaf6aa3010 ConcurrentGCThread "G1 Main Marker" [stack: 0x000000b9e8800000,0x000000b9e8900000] [id=5400]
  0x000001eaf6aa3a20 ConcurrentGCThread "G1 Conc#0" [stack: 0x000000b9e8900000,0x000000b9e8a00000] [id=4320]
  0x000001eaf6aee4f0 ConcurrentGCThread "G1 Refine#0" [stack: 0x000000b9e8a00000,0x000000b9e8b00000] [id=13976]
  0x000001eafefa3180 ConcurrentGCThread "G1 Service" [stack: 0x000000b9e8b00000,0x000000b9e8c00000] [id=1932]

Threads with active compile tasks:

VM state: synchronizing (normal execution)

VM Mutex/Monitor currently owned by a thread:  ([mutex/lock_event])
[0x000001eaf6a1ebe0] Threads_lock - owner thread: 0x000001eaff0fece0

Heap address: 0x0000000702400000, size: 4060 MB, Compressed Oops mode: Zero based, Oop shift amount: 3

CDS archive(s) not mapped
Compressed class space mapped at: 0x0000000800000000-0x0000000840000000, reserved size: 1073741824
Narrow klass base: 0x0000000800000000, Narrow klass shift: 0, Narrow klass range: 0x40000000

GC Precious Log:
 CPUs: 16 total, 16 available
 Memory: 16233M
 Large Page Support: Disabled
 NUMA Support: Disabled
 Compressed Oops: Enabled (Zero based)
 Heap Region Size: 2M
 Heap Min Capacity: 8M
 Heap Initial Capacity: 254M
 Heap Max Capacity: 4060M
 Pre-touch: Disabled
 Parallel Workers: 13
 Concurrent Workers: 3
 Concurrent Refinement Workers: 13
 Periodic GC: Disabled

Heap:
 garbage-first heap   total 260096K, used 0K [0x0000000702400000, 0x0000000800000000)
  region size 2048K, 1 young (2048K), 0 survivors (0K)
 Metaspace       used 4129K, committed 4224K, reserved 1056768K
  class space    used 335K, committed 384K, reserved 1048576K

Heap Regions: E=young(eden), S=young(survivor), O=old, HS=humongous(starts), HC=humongous(continues), CS=collection set, F=free, OA=open archive, CA=closed archive, TAMS=top-at-mark-start (previous, next)
|   0|0x0000000702400000, 0x0000000702400000, 0x0000000702600000|  0%| F|  |TAMS 0x0000000702400000, 0x0000000702400000| Untracked 
|   1|0x0000000702600000, 0x0000000702600000, 0x0000000702800000|  0%| F|  |TAMS 0x0000000702600000, 0x0000000702600000| Untracked 
|   2|0x0000000702800000, 0x0000000702800000, 0x0000000702a00000|  0%| F|  |TAMS 0x0000000702800000, 0x0000000702800000| Untracked 
|   3|0x0000000702a00000, 0x0000000702a00000, 0x0000000702c00000|  0%| F|  |TAMS 0x0000000702a00000, 0x0000000702a00000| Untracked 
|   4|0x0000000702c00000, 0x0000000702c00000, 0x0000000702e00000|  0%| F|  |TAMS 0x0000000702c00000, 0x0000000702c00000| Untracked 
|   5|0x0000000702e00000, 0x0000000702e00000, 0x0000000703000000|  0%| F|  |TAMS 0x0000000702e00000, 0x0000000702e00000| Untracked 
|   6|0x0000000703000000, 0x0000000703000000, 0x0000000703200000|  0%| F|  |TAMS 0x0000000703000000, 0x0000000703000000| Untracked 
|   7|0x0000000703200000, 0x0000000703200000, 0x0000000703400000|  0%| F|  |TAMS 0x0000000703200000, 0x0000000703200000| Untracked 
|   8|0x0000000703400000, 0x0000000703400000, 0x0000000703600000|  0%| F|  |TAMS 0x0000000703400000, 0x0000000703400000| Untracked 
|   9|0x0000000703600000, 0x0000000703600000, 0x0000000703800000|  0%| F|  |TAMS 0x0000000703600000, 0x0000000703600000| Untracked 
|  10|0x0000000703800000, 0x0000000703800000, 0x0000000703a00000|  0%| F|  |TAMS 0x0000000703800000, 0x0000000703800000| Untracked 
|  11|0x0000000703a00000, 0x0000000703a00000, 0x0000000703c00000|  0%| F|  |TAMS 0x0000000703a00000, 0x0000000703a00000| Untracked 
|  12|0x0000000703c00000, 0x0000000703c00000, 0x0000000703e00000|  0%| F|  |TAMS 0x0000000703c00000, 0x0000000703c00000| Untracked 
|  13|0x0000000703e00000, 0x0000000703e00000, 0x0000000704000000|  0%| F|  |TAMS 0x0000000703e00000, 0x0000000703e00000| Untracked 
|  14|0x0000000704000000, 0x0000000704000000, 0x0000000704200000|  0%| F|  |TAMS 0x0000000704000000, 0x0000000704000000| Untracked 
|  15|0x0000000704200000, 0x0000000704200000, 0x0000000704400000|  0%| F|  |TAMS 0x0000000704200000, 0x0000000704200000| Untracked 
|  16|0x0000000704400000, 0x0000000704400000, 0x0000000704600000|  0%| F|  |TAMS 0x0000000704400000, 0x0000000704400000| Untracked 
|  17|0x0000000704600000, 0x0000000704600000, 0x0000000704800000|  0%| F|  |TAMS 0x0000000704600000, 0x0000000704600000| Untracked 
|  18|0x0000000704800000, 0x0000000704800000, 0x0000000704a00000|  0%| F|  |TAMS 0x0000000704800000, 0x0000000704800000| Untracked 
|  19|0x0000000704a00000, 0x0000000704a00000, 0x0000000704c00000|  0%| F|  |TAMS 0x0000000704a00000, 0x0000000704a00000| Untracked 
|  20|0x0000000704c00000, 0x0000000704c00000, 0x0000000704e00000|  0%| F|  |TAMS 0x0000000704c00000, 0x0000000704c00000| Untracked 
|  21|0x0000000704e00000, 0x0000000704e00000, 0x0000000705000000|  0%| F|  |TAMS 0x0000000704e00000, 0x0000000704e00000| Untracked 
|  22|0x0000000705000000, 0x0000000705000000, 0x0000000705200000|  0%| F|  |TAMS 0x0000000705000000, 0x0000000705000000| Untracked 
|  23|0x0000000705200000, 0x0000000705200000, 0x0000000705400000|  0%| F|  |TAMS 0x0000000705200000, 0x0000000705200000| Untracked 
|  24|0x0000000705400000, 0x0000000705400000, 0x0000000705600000|  0%| F|  |TAMS 0x0000000705400000, 0x0000000705400000| Untracked 
|  25|0x0000000705600000, 0x0000000705600000, 0x0000000705800000|  0%| F|  |TAMS 0x0000000705600000, 0x0000000705600000| Untracked 
|  26|0x0000000705800000, 0x0000000705800000, 0x0000000705a00000|  0%| F|  |TAMS 0x0000000705800000, 0x0000000705800000| Untracked 
|  27|0x0000000705a00000, 0x0000000705a00000, 0x0000000705c00000|  0%| F|  |TAMS 0x0000000705a00000, 0x0000000705a00000| Untracked 
|  28|0x0000000705c00000, 0x0000000705c00000, 0x0000000705e00000|  0%| F|  |TAMS 0x0000000705c00000, 0x0000000705c00000| Untracked 
|  29|0x0000000705e00000, 0x0000000705e00000, 0x0000000706000000|  0%| F|  |TAMS 0x0000000705e00000, 0x0000000705e00000| Untracked 
|  30|0x0000000706000000, 0x0000000706000000, 0x0000000706200000|  0%| F|  |TAMS 0x0000000706000000, 0x0000000706000000| Untracked 
|  31|0x0000000706200000, 0x0000000706200000, 0x0000000706400000|  0%| F|  |TAMS 0x0000000706200000, 0x0000000706200000| Untracked 
|  32|0x0000000706400000, 0x0000000706400000, 0x0000000706600000|  0%| F|  |TAMS 0x0000000706400000, 0x0000000706400000| Untracked 
|  33|0x0000000706600000, 0x0000000706600000, 0x0000000706800000|  0%| F|  |TAMS 0x0000000706600000, 0x0000000706600000| Untracked 
|  34|0x0000000706800000, 0x0000000706800000, 0x0000000706a00000|  0%| F|  |TAMS 0x0000000706800000, 0x0000000706800000| Untracked 
|  35|0x0000000706a00000, 0x0000000706a00000, 0x0000000706c00000|  0%| F|  |TAMS 0x0000000706a00000, 0x0000000706a00000| Untracked 
|  36|0x0000000706c00000, 0x0000000706c00000, 0x0000000706e00000|  0%| F|  |TAMS 0x0000000706c00000, 0x0000000706c00000| Untracked 
|  37|0x0000000706e00000, 0x0000000706e00000, 0x0000000707000000|  0%| F|  |TAMS 0x0000000706e00000, 0x0000000706e00000| Untracked 
|  38|0x0000000707000000, 0x0000000707000000, 0x0000000707200000|  0%| F|  |TAMS 0x0000000707000000, 0x0000000707000000| Untracked 
|  39|0x0000000707200000, 0x0000000707200000, 0x0000000707400000|  0%| F|  |TAMS 0x0000000707200000, 0x0000000707200000| Untracked 
|  40|0x0000000707400000, 0x0000000707400000, 0x0000000707600000|  0%| F|  |TAMS 0x0000000707400000, 0x0000000707400000| Untracked 
|  41|0x0000000707600000, 0x0000000707600000, 0x0000000707800000|  0%| F|  |TAMS 0x0000000707600000, 0x0000000707600000| Untracked 
|  42|0x0000000707800000, 0x0000000707800000, 0x0000000707a00000|  0%| F|  |TAMS 0x0000000707800000, 0x0000000707800000| Untracked 
|  43|0x0000000707a00000, 0x0000000707a00000, 0x0000000707c00000|  0%| F|  |TAMS 0x0000000707a00000, 0x0000000707a00000| Untracked 
|  44|0x0000000707c00000, 0x0000000707c00000, 0x0000000707e00000|  0%| F|  |TAMS 0x0000000707c00000, 0x0000000707c00000| Untracked 
|  45|0x0000000707e00000, 0x0000000707e00000, 0x0000000708000000|  0%| F|  |TAMS 0x0000000707e00000, 0x0000000707e00000| Untracked 
|  46|0x0000000708000000, 0x0000000708000000, 0x0000000708200000|  0%| F|  |TAMS 0x0000000708000000, 0x0000000708000000| Untracked 
|  47|0x0000000708200000, 0x0000000708200000, 0x0000000708400000|  0%| F|  |TAMS 0x0000000708200000, 0x0000000708200000| Untracked 
|  48|0x0000000708400000, 0x0000000708400000, 0x0000000708600000|  0%| F|  |TAMS 0x0000000708400000, 0x0000000708400000| Untracked 
|  49|0x0000000708600000, 0x0000000708600000, 0x0000000708800000|  0%| F|  |TAMS 0x0000000708600000, 0x0000000708600000| Untracked 
|  50|0x0000000708800000, 0x0000000708800000, 0x0000000708a00000|  0%| F|  |TAMS 0x0000000708800000, 0x0000000708800000| Untracked 
|  51|0x0000000708a00000, 0x0000000708a00000, 0x0000000708c00000|  0%| F|  |TAMS 0x0000000708a00000, 0x0000000708a00000| Untracked 
|  52|0x0000000708c00000, 0x0000000708c00000, 0x0000000708e00000|  0%| F|  |TAMS 0x0000000708c00000, 0x0000000708c00000| Untracked 
|  53|0x0000000708e00000, 0x0000000708e00000, 0x0000000709000000|  0%| F|  |TAMS 0x0000000708e00000, 0x0000000708e00000| Untracked 
|  54|0x0000000709000000, 0x0000000709000000, 0x0000000709200000|  0%| F|  |TAMS 0x0000000709000000, 0x0000000709000000| Untracked 
|  55|0x0000000709200000, 0x0000000709200000, 0x0000000709400000|  0%| F|  |TAMS 0x0000000709200000, 0x0000000709200000| Untracked 
|  56|0x0000000709400000, 0x0000000709400000, 0x0000000709600000|  0%| F|  |TAMS 0x0000000709400000, 0x0000000709400000| Untracked 
|  57|0x0000000709600000, 0x0000000709600000, 0x0000000709800000|  0%| F|  |TAMS 0x0000000709600000, 0x0000000709600000| Untracked 
|  58|0x0000000709800000, 0x0000000709800000, 0x0000000709a00000|  0%| F|  |TAMS 0x0000000709800000, 0x0000000709800000| Untracked 
|  59|0x0000000709a00000, 0x0000000709a00000, 0x0000000709c00000|  0%| F|  |TAMS 0x0000000709a00000, 0x0000000709a00000| Untracked 
|  60|0x0000000709c00000, 0x0000000709c00000, 0x0000000709e00000|  0%| F|  |TAMS 0x0000000709c00000, 0x0000000709c00000| Untracked 
|  61|0x0000000709e00000, 0x0000000709e00000, 0x000000070a000000|  0%| F|  |TAMS 0x0000000709e00000, 0x0000000709e00000| Untracked 
|  62|0x000000070a000000, 0x000000070a000000, 0x000000070a200000|  0%| F|  |TAMS 0x000000070a000000, 0x000000070a000000| Untracked 
|  63|0x000000070a200000, 0x000000070a200000, 0x000000070a400000|  0%| F|  |TAMS 0x000000070a200000, 0x000000070a200000| Untracked 
|  64|0x000000070a400000, 0x000000070a400000, 0x000000070a600000|  0%| F|  |TAMS 0x000000070a400000, 0x000000070a400000| Untracked 
|  65|0x000000070a600000, 0x000000070a600000, 0x000000070a800000|  0%| F|  |TAMS 0x000000070a600000, 0x000000070a600000| Untracked 
|  66|0x000000070a800000, 0x000000070a800000, 0x000000070aa00000|  0%| F|  |TAMS 0x000000070a800000, 0x000000070a800000| Untracked 
|  67|0x000000070aa00000, 0x000000070aa00000, 0x000000070ac00000|  0%| F|  |TAMS 0x000000070aa00000, 0x000000070aa00000| Untracked 
|  68|0x000000070ac00000, 0x000000070ac00000, 0x000000070ae00000|  0%| F|  |TAMS 0x000000070ac00000, 0x000000070ac00000| Untracked 
|  69|0x000000070ae00000, 0x000000070ae00000, 0x000000070b000000|  0%| F|  |TAMS 0x000000070ae00000, 0x000000070ae00000| Untracked 
|  70|0x000000070b000000, 0x000000070b000000, 0x000000070b200000|  0%| F|  |TAMS 0x000000070b000000, 0x000000070b000000| Untracked 
|  71|0x000000070b200000, 0x000000070b200000, 0x000000070b400000|  0%| F|  |TAMS 0x000000070b200000, 0x000000070b200000| Untracked 
|  72|0x000000070b400000, 0x000000070b400000, 0x000000070b600000|  0%| F|  |TAMS 0x000000070b400000, 0x000000070b400000| Untracked 
|  73|0x000000070b600000, 0x000000070b600000, 0x000000070b800000|  0%| F|  |TAMS 0x000000070b600000, 0x000000070b600000| Untracked 
|  74|0x000000070b800000, 0x000000070b800000, 0x000000070ba00000|  0%| F|  |TAMS 0x000000070b800000, 0x000000070b800000| Untracked 
|  75|0x000000070ba00000, 0x000000070ba00000, 0x000000070bc00000|  0%| F|  |TAMS 0x000000070ba00000, 0x000000070ba00000| Untracked 
|  76|0x000000070bc00000, 0x000000070bc00000, 0x000000070be00000|  0%| F|  |TAMS 0x000000070bc00000, 0x000000070bc00000| Untracked 
|  77|0x000000070be00000, 0x000000070be00000, 0x000000070c000000|  0%| F|  |TAMS 0x000000070be00000, 0x000000070be00000| Untracked 
|  78|0x000000070c000000, 0x000000070c000000, 0x000000070c200000|  0%| F|  |TAMS 0x000000070c000000, 0x000000070c000000| Untracked 
|  79|0x000000070c200000, 0x000000070c200000, 0x000000070c400000|  0%| F|  |TAMS 0x000000070c200000, 0x000000070c200000| Untracked 
|  80|0x000000070c400000, 0x000000070c400000, 0x000000070c600000|  0%| F|  |TAMS 0x000000070c400000, 0x000000070c400000| Untracked 
|  81|0x000000070c600000, 0x000000070c600000, 0x000000070c800000|  0%| F|  |TAMS 0x000000070c600000, 0x000000070c600000| Untracked 
|  82|0x000000070c800000, 0x000000070c800000, 0x000000070ca00000|  0%| F|  |TAMS 0x000000070c800000, 0x000000070c800000| Untracked 
|  83|0x000000070ca00000, 0x000000070ca00000, 0x000000070cc00000|  0%| F|  |TAMS 0x000000070ca00000, 0x000000070ca00000| Untracked 
|  84|0x000000070cc00000, 0x000000070cc00000, 0x000000070ce00000|  0%| F|  |TAMS 0x000000070cc00000, 0x000000070cc00000| Untracked 
|  85|0x000000070ce00000, 0x000000070ce00000, 0x000000070d000000|  0%| F|  |TAMS 0x000000070ce00000, 0x000000070ce00000| Untracked 
|  86|0x000000070d000000, 0x000000070d000000, 0x000000070d200000|  0%| F|  |TAMS 0x000000070d000000, 0x000000070d000000| Untracked 
|  87|0x000000070d200000, 0x000000070d200000, 0x000000070d400000|  0%| F|  |TAMS 0x000000070d200000, 0x000000070d200000| Untracked 
|  88|0x000000070d400000, 0x000000070d400000, 0x000000070d600000|  0%| F|  |TAMS 0x000000070d400000, 0x000000070d400000| Untracked 
|  89|0x000000070d600000, 0x000000070d600000, 0x000000070d800000|  0%| F|  |TAMS 0x000000070d600000, 0x000000070d600000| Untracked 
|  90|0x000000070d800000, 0x000000070d800000, 0x000000070da00000|  0%| F|  |TAMS 0x000000070d800000, 0x000000070d800000| Untracked 
|  91|0x000000070da00000, 0x000000070da00000, 0x000000070dc00000|  0%| F|  |TAMS 0x000000070da00000, 0x000000070da00000| Untracked 
|  92|0x000000070dc00000, 0x000000070dc00000, 0x000000070de00000|  0%| F|  |TAMS 0x000000070dc00000, 0x000000070dc00000| Untracked 
|  93|0x000000070de00000, 0x000000070de00000, 0x000000070e000000|  0%| F|  |TAMS 0x000000070de00000, 0x000000070de00000| Untracked 
|  94|0x000000070e000000, 0x000000070e000000, 0x000000070e200000|  0%| F|  |TAMS 0x000000070e000000, 0x000000070e000000| Untracked 
|  95|0x000000070e200000, 0x000000070e200000, 0x000000070e400000|  0%| F|  |TAMS 0x000000070e200000, 0x000000070e200000| Untracked 
|  96|0x000000070e400000, 0x000000070e400000, 0x000000070e600000|  0%| F|  |TAMS 0x000000070e400000, 0x000000070e400000| Untracked 
|  97|0x000000070e600000, 0x000000070e600000, 0x000000070e800000|  0%| F|  |TAMS 0x000000070e600000, 0x000000070e600000| Untracked 
|  98|0x000000070e800000, 0x000000070e800000, 0x000000070ea00000|  0%| F|  |TAMS 0x000000070e800000, 0x000000070e800000| Untracked 
|  99|0x000000070ea00000, 0x000000070ea00000, 0x000000070ec00000|  0%| F|  |TAMS 0x000000070ea00000, 0x000000070ea00000| Untracked 
| 100|0x000000070ec00000, 0x000000070ec00000, 0x000000070ee00000|  0%| F|  |TAMS 0x000000070ec00000, 0x000000070ec00000| Untracked 
| 101|0x000000070ee00000, 0x000000070ee00000, 0x000000070f000000|  0%| F|  |TAMS 0x000000070ee00000, 0x000000070ee00000| Untracked 
| 102|0x000000070f000000, 0x000000070f000000, 0x000000070f200000|  0%| F|  |TAMS 0x000000070f000000, 0x000000070f000000| Untracked 
| 103|0x000000070f200000, 0x000000070f200000, 0x000000070f400000|  0%| F|  |TAMS 0x000000070f200000, 0x000000070f200000| Untracked 
| 104|0x000000070f400000, 0x000000070f400000, 0x000000070f600000|  0%| F|  |TAMS 0x000000070f400000, 0x000000070f400000| Untracked 
| 105|0x000000070f600000, 0x000000070f600000, 0x000000070f800000|  0%| F|  |TAMS 0x000000070f600000, 0x000000070f600000| Untracked 
| 106|0x000000070f800000, 0x000000070f800000, 0x000000070fa00000|  0%| F|  |TAMS 0x000000070f800000, 0x000000070f800000| Untracked 
| 107|0x000000070fa00000, 0x000000070fa00000, 0x000000070fc00000|  0%| F|  |TAMS 0x000000070fa00000, 0x000000070fa00000| Untracked 
| 108|0x000000070fc00000, 0x000000070fc00000, 0x000000070fe00000|  0%| F|  |TAMS 0x000000070fc00000, 0x000000070fc00000| Untracked 
| 109|0x000000070fe00000, 0x000000070fe00000, 0x0000000710000000|  0%| F|  |TAMS 0x000000070fe00000, 0x000000070fe00000| Untracked 
| 110|0x0000000710000000, 0x0000000710000000, 0x0000000710200000|  0%| F|  |TAMS 0x0000000710000000, 0x0000000710000000| Untracked 
| 111|0x0000000710200000, 0x0000000710200000, 0x0000000710400000|  0%| F|  |TAMS 0x0000000710200000, 0x0000000710200000| Untracked 
| 112|0x0000000710400000, 0x0000000710400000, 0x0000000710600000|  0%| F|  |TAMS 0x0000000710400000, 0x0000000710400000| Untracked 
| 113|0x0000000710600000, 0x0000000710600000, 0x0000000710800000|  0%| F|  |TAMS 0x0000000710600000, 0x0000000710600000| Untracked 
| 114|0x0000000710800000, 0x0000000710800000, 0x0000000710a00000|  0%| F|  |TAMS 0x0000000710800000, 0x0000000710800000| Untracked 
| 115|0x0000000710a00000, 0x0000000710a00000, 0x0000000710c00000|  0%| F|  |TAMS 0x0000000710a00000, 0x0000000710a00000| Untracked 
| 116|0x0000000710c00000, 0x0000000710c00000, 0x0000000710e00000|  0%| F|  |TAMS 0x0000000710c00000, 0x0000000710c00000| Untracked 
| 117|0x0000000710e00000, 0x0000000710e00000, 0x0000000711000000|  0%| F|  |TAMS 0x0000000710e00000, 0x0000000710e00000| Untracked 
| 118|0x0000000711000000, 0x0000000711000000, 0x0000000711200000|  0%| F|  |TAMS 0x0000000711000000, 0x0000000711000000| Untracked 
| 119|0x0000000711200000, 0x0000000711200000, 0x0000000711400000|  0%| F|  |TAMS 0x0000000711200000, 0x0000000711200000| Untracked 
| 120|0x0000000711400000, 0x0000000711400000, 0x0000000711600000|  0%| F|  |TAMS 0x0000000711400000, 0x0000000711400000| Untracked 
| 121|0x0000000711600000, 0x0000000711600000, 0x0000000711800000|  0%| F|  |TAMS 0x0000000711600000, 0x0000000711600000| Untracked 
| 122|0x0000000711800000, 0x0000000711800000, 0x0000000711a00000|  0%| F|  |TAMS 0x0000000711800000, 0x0000000711800000| Untracked 
| 123|0x0000000711a00000, 0x0000000711a00000, 0x0000000711c00000|  0%| F|  |TAMS 0x0000000711a00000, 0x0000000711a00000| Untracked 
| 124|0x0000000711c00000, 0x0000000711c00000, 0x0000000711e00000|  0%| F|  |TAMS 0x0000000711c00000, 0x0000000711c00000| Untracked 
| 125|0x0000000711e00000, 0x0000000711e00000, 0x0000000712000000|  0%| F|  |TAMS 0x0000000711e00000, 0x0000000711e00000| Untracked 
| 126|0x0000000712000000, 0x00000007121c4a40, 0x0000000712200000| 88%| E|  |TAMS 0x0000000712000000, 0x0000000712000000| Complete 

Card table byte_map: [0x000001eafb150000,0x000001eafb940000] _byte_map_base: 0x000001eaf793e000

Marking Bits (Prev, Next): (CMBitMap*) 0x000001eaf6a92180, (CMBitMap*) 0x000001eaf6a921c0
 Prev Bits: [0x000001ea8f000000, 0x000001ea92f70000)
 Next Bits: [0x000001ea92f70000, 0x000001ea96ee0000)

Polling page: 0x000001eaf4960000

Metaspace:

Usage:
  Non-class:      3.71 MB used.
      Class:    335.06 KB used.
       Both:      4.03 MB used.

Virtual space:
  Non-class space:        8.00 MB reserved,       3.75 MB ( 47%) committed,  1 nodes.
      Class space:        1.00 GB reserved,     384.00 KB ( <1%) committed,  1 nodes.
             Both:        1.01 GB reserved,       4.12 MB ( <1%) committed. 

Chunk freelists:
   Non-Class:  0 bytes
       Class:  3.62 MB
        Both:  3.62 MB

MaxMetaspaceSize: unlimited
CompressedClassSpaceSize: 1.00 GB
Initial GC threshold: 21.00 MB
Current GC threshold: 21.00 MB
CDS: off
MetaspaceReclaimPolicy: balanced
 - commit_granule_bytes: 65536.
 - commit_granule_words: 8192.
 - virtual_space_node_default_size: 1048576.
 - enlarge_chunks_in_place: 1.
 - new_chunks_are_fully_committed: 0.
 - uncommit_free_chunks: 1.
 - use_allocation_guard: 0.
 - handle_deallocations: 1.


Internal statistics:

num_allocs_failed_limit: 0.
num_arena_births: 2.
num_arena_deaths: 0.
num_vsnodes_births: 2.
num_vsnodes_deaths: 0.
num_space_committed: 66.
num_space_uncommitted: 0.
num_chunks_returned_to_freelist: 0.
num_chunks_taken_from_freelist: 4.
num_chunk_merges: 0.
num_chunk_splits: 1.
num_chunks_enlarged: 0.
num_purges: 0.
num_inconsistent_stats: 0.

CodeHeap 'non-profiled nmethods': size=119168Kb used=14Kb max_used=14Kb free=119153Kb
 bounds [0x000001ea87ba0000, 0x000001ea87e10000, 0x000001ea8f000000]
CodeHeap 'profiled nmethods': size=119104Kb used=102Kb max_used=102Kb free=119001Kb
 bounds [0x000001ea80000000, 0x000001ea80270000, 0x000001ea87450000]
CodeHeap 'non-nmethods': size=7488Kb used=2162Kb max_used=2162Kb free=5325Kb
 bounds [0x000001ea87450000, 0x000001ea876c0000, 0x000001ea87ba0000]
 total_blobs=374 nmethods=81 adapters=218
 compilation: enabled
              stopped_count=0, restarted_count=0
 full_count=0

Compilation events (20 events):
Event: 0.098 Thread 0x000001eaffe3e6d0   75       1       java.lang.module.ModuleDescriptor$Exports::targets (5 bytes)
Event: 0.098 Thread 0x000001eaffcabe60 nmethod 73 0x000001ea80017090 code [0x000001ea80017240, 0x000001ea80017408]
Event: 0.098 Thread 0x000001eaffe35d90 nmethod 72 0x000001ea87ba3010 code [0x000001ea87ba31a0, 0x000001ea87ba3278]
Event: 0.098 Thread 0x000001eaffcabe60   76       3       java.util.ImmutableCollections$Set12::iterator (9 bytes)
Event: 0.098 Thread 0x000001eaffe35d90   77       3       java.util.ImmutableCollections$Set12$1::<init> (32 bytes)
Event: 0.098 Thread 0x000001eaffe3e6d0 nmethod 75 0x000001ea87ba3310 code [0x000001ea87ba34a0, 0x000001ea87ba3578]
Event: 0.098 Thread 0x000001eaffe3e6d0   78       1       java.util.ImmutableCollections$Set12::isEmpty (2 bytes)
Event: 0.098 Thread 0x000001eaffe3e6d0 nmethod 78 0x000001ea87ba3610 code [0x000001ea87ba37a0, 0x000001ea87ba3878]
Event: 0.098 Thread 0x000001eaffcabe60 nmethod 76 0x000001ea80017510 code [0x000001ea800176c0, 0x000001ea800179b8]
Event: 0.098 Thread 0x000001eaffe35d90 nmethod 77 0x000001ea80017a90 code [0x000001ea80017c40, 0x000001ea80017e78]
Event: 0.101 Thread 0x000001eaffe35d90   79       3       java.lang.StringUTF16::getChar (60 bytes)
Event: 0.101 Thread 0x000001eaffe35d90 nmethod 79 0x000001ea80017f90 code [0x000001ea80018120, 0x000001ea80018298]
Event: 0.102 Thread 0x000001eaffe3e6d0   80       3       java.lang.AbstractStringBuilder::isLatin1 (19 bytes)
Event: 0.102 Thread 0x000001eaffe3e6d0 nmethod 80 0x000001ea80018390 code [0x000001ea80018520, 0x000001ea80018698]
Event: 0.103 Thread 0x000001eaffe35d90   81       3       java.lang.StringBuilder::append (8 bytes)
Event: 0.103 Thread 0x000001eaffcabe60   82       3       java.lang.AbstractStringBuilder::append (77 bytes)
Event: 0.103 Thread 0x000001eaffe35d90 nmethod 81 0x000001ea80018710 code [0x000001ea800188a0, 0x000001ea800189e8]
Event: 0.103 Thread 0x000001eaffcabe60 nmethod 82 0x000001ea80018a90 code [0x000001ea80018ca0, 0x000001ea80019348]
Event: 0.104 Thread 0x000001eaffcabe60   83       3       java.io.WinNTFileSystem::isSlash (18 bytes)
Event: 0.104 Thread 0x000001eaffcabe60 nmethod 83 0x000001ea80019590 code [0x000001ea80019720, 0x000001ea800198b8]

GC Heap History (0 events):
No events

Dll operation events (2 events):
Event: 0.007 Loaded shared library D:\STS\sts-4.17.2.RELEASE\plugins\org.eclipse.justj.openjdk.hotspot.jre.full.win32.x86_64_17.0.6.v20230125-1136\jre\bin\java.dll
Event: 5.132 Loaded shared library D:\STS\sts-4.17.2.RELEASE\plugins\org.eclipse.justj.openjdk.hotspot.jre.full.win32.x86_64_17.0.6.v20230125-1136\jre\bin\net.dll

Deoptimization events (0 events):
No events

Classes unloaded (0 events):
No events

Classes redefined (0 events):
No events

Internal exceptions (0 events):
No events

VM Operations (1 events):
Event: 1.039 Executing VM operation: Cleanup

Events (20 events):
Event: 0.107 loading class java/util/IdentityHashMap
Event: 0.108 loading class java/util/IdentityHashMap done
Event: 0.108 loading class java/util/IdentityHashMap$KeySet
Event: 0.108 loading class java/util/IdentityHashMap$KeySet done
Event: 0.108 loading class sun/nio/fs/NativeBuffer
Event: 0.108 loading class sun/nio/fs/NativeBuffer done
Event: 0.108 loading class sun/nio/fs/NativeBuffer$Deallocator
Event: 0.108 loading class sun/nio/fs/NativeBuffer$Deallocator done
Event: 0.108 loading class sun/nio/fs/WindowsNativeDispatcher
Event: 0.108 loading class sun/nio/fs/WindowsNativeDispatcher done
Event: 0.108 loading class jdk/internal/loader/NativeLibraries$LibraryPaths
Event: 0.108 loading class jdk/internal/loader/NativeLibraries$LibraryPaths done
Event: 0.108 loading class jdk/internal/loader/NativeLibraries$1
Event: 0.108 loading class jdk/internal/loader/NativeLibraries$1 done
Event: 0.108 loading class java/util/ArrayDeque$DeqIterator
Event: 0.108 loading class java/util/ArrayDeque$DeqIterator done
Event: 0.108 loading class jdk/internal/loader/NativeLibraries$NativeLibraryImpl
Event: 0.108 loading class jdk/internal/loader/NativeLibrary
Event: 0.108 loading class jdk/internal/loader/NativeLibrary done
Event: 0.108 loading class jdk/internal/loader/NativeLibraries$NativeLibraryImpl done


Dynamic libraries:
0x00007ff7c4360000 - 0x00007ff7c436e000 	D:\STS\sts-4.17.2.RELEASE\plugins\org.eclipse.justj.openjdk.hotspot.jre.full.win32.x86_64_17.0.6.v20230125-1136\jre\bin\javaw.exe
0x00007fff4c450000 - 0x00007fff4c648000 	C:\Windows\SYSTEM32\ntdll.dll
0x00007fff4ba60000 - 0x00007fff4bb1f000 	C:\Windows\System32\KERNEL32.DLL
0x00007fff49f40000 - 0x00007fff4a236000 	C:\Windows\System32\KERNELBASE.dll
0x00007fff49cc0000 - 0x00007fff49dc0000 	C:\Windows\System32\ucrtbase.dll
0x00007fff45680000 - 0x00007fff45699000 	D:\STS\sts-4.17.2.RELEASE\plugins\org.eclipse.justj.openjdk.hotspot.jre.full.win32.x86_64_17.0.6.v20230125-1136\jre\bin\VCRUNTIME140.dll
0x00007fff455f0000 - 0x00007fff45607000 	D:\STS\sts-4.17.2.RELEASE\plugins\org.eclipse.justj.openjdk.hotspot.jre.full.win32.x86_64_17.0.6.v20230125-1136\jre\bin\jli.dll
0x00007fff4a4b0000 - 0x00007fff4a64d000 	C:\Windows\System32\USER32.dll
0x00007fff49e60000 - 0x00007fff49e82000 	C:\Windows\System32\win32u.dll
0x00007fff4b980000 - 0x00007fff4b9ac000 	C:\Windows\System32\GDI32.dll
0x00007fff25310000 - 0x00007fff255aa000 	C:\Windows\WinSxS\amd64_microsoft.windows.common-controls_6595b64144ccf1df_6.0.19041.1110_none_60b5254171f9507e\COMCTL32.dll
0x00007fff4a390000 - 0x00007fff4a4a5000 	C:\Windows\System32\gdi32full.dll
0x00007fff4ac00000 - 0x00007fff4ac9e000 	C:\Windows\System32\msvcrt.dll
0x00007fff49dc0000 - 0x00007fff49e5d000 	C:\Windows\System32\msvcp_win.dll
0x00007fff4b9b0000 - 0x00007fff4b9e0000 	C:\Windows\System32\IMM32.DLL
0x00007fff455e0000 - 0x00007fff455ec000 	D:\STS\sts-4.17.2.RELEASE\plugins\org.eclipse.justj.openjdk.hotspot.jre.full.win32.x86_64_17.0.6.v20230125-1136\jre\bin\vcruntime140_1.dll
0x00007fff34d70000 - 0x00007fff34e01000 	D:\STS\sts-4.17.2.RELEASE\plugins\org.eclipse.justj.openjdk.hotspot.jre.full.win32.x86_64_17.0.6.v20230125-1136\jre\bin\msvcp140.dll
0x00007ffeda500000 - 0x00007ffedb147000 	D:\STS\sts-4.17.2.RELEASE\plugins\org.eclipse.justj.openjdk.hotspot.jre.full.win32.x86_64_17.0.6.v20230125-1136\jre\bin\server\jvm.dll
0x00007fff4beb0000 - 0x00007fff4bf5f000 	C:\Windows\System32\ADVAPI32.dll
0x00007fff4aca0000 - 0x00007fff4ad3c000 	C:\Windows\System32\sechost.dll
0x00007fff4a790000 - 0x00007fff4a8b6000 	C:\Windows\System32\RPCRT4.dll
0x00007fff313b0000 - 0x00007fff313b9000 	C:\Windows\SYSTEM32\WSOCK32.dll
0x00007fff428a0000 - 0x00007fff428aa000 	C:\Windows\SYSTEM32\VERSION.dll
0x00007fff4b910000 - 0x00007fff4b97b000 	C:\Windows\System32\WS2_32.dll
0x00007fff22580000 - 0x00007fff225a7000 	C:\Windows\SYSTEM32\WINMM.dll
0x00007fff477e0000 - 0x00007fff477f2000 	C:\Windows\SYSTEM32\kernel.appcore.dll
0x00007fff397b0000 - 0x00007fff397ba000 	D:\STS\sts-4.17.2.RELEASE\plugins\org.eclipse.justj.openjdk.hotspot.jre.full.win32.x86_64_17.0.6.v20230125-1136\jre\bin\jimage.dll
0x00007fff35210000 - 0x00007fff353f4000 	C:\Windows\SYSTEM32\DBGHELP.DLL
0x00007fff351d0000 - 0x00007fff35204000 	C:\Windows\SYSTEM32\dbgcore.DLL
0x00007fff4a240000 - 0x00007fff4a2c2000 	C:\Windows\System32\bcryptPrimitives.dll
0x00007fff39780000 - 0x00007fff397a5000 	D:\STS\sts-4.17.2.RELEASE\plugins\org.eclipse.justj.openjdk.hotspot.jre.full.win32.x86_64_17.0.6.v20230125-1136\jre\bin\java.dll
0x00007fff39480000 - 0x00007fff39498000 	D:\STS\sts-4.17.2.RELEASE\plugins\org.eclipse.justj.openjdk.hotspot.jre.full.win32.x86_64_17.0.6.v20230125-1136\jre\bin\zip.dll
0x00007fff4ad40000 - 0x00007fff4b484000 	C:\Windows\System32\SHELL32.dll
0x00007fff479e0000 - 0x00007fff48173000 	C:\Windows\SYSTEM32\windows.storage.dll
0x00007fff4bf90000 - 0x00007fff4c2e4000 	C:\Windows\System32\combase.dll
0x00007fff49510000 - 0x00007fff4953e000 	C:\Windows\SYSTEM32\Wldp.dll
0x00007fff4bb80000 - 0x00007fff4bc2d000 	C:\Windows\System32\SHCORE.dll
0x00007fff4a8c0000 - 0x00007fff4a915000 	C:\Windows\System32\shlwapi.dll
0x00007fff49a70000 - 0x00007fff49a8f000 	C:\Windows\SYSTEM32\profapi.dll
0x00007fff38850000 - 0x00007fff38869000 	D:\STS\sts-4.17.2.RELEASE\plugins\org.eclipse.justj.openjdk.hotspot.jre.full.win32.x86_64_17.0.6.v20230125-1136\jre\bin\net.dll
0x00007fff448a0000 - 0x00007fff449aa000 	C:\Windows\SYSTEM32\WINHTTP.dll

dbghelp: loaded successfully - version: 4.0.5 - missing functions: none
symbol engine: initialized successfully - sym options: 0x614 - pdb path: .;D:\STS\sts-4.17.2.RELEASE\plugins\org.eclipse.justj.openjdk.hotspot.jre.full.win32.x86_64_17.0.6.v20230125-1136\jre\bin;C:\Windows\SYSTEM32;C:\Windows\WinSxS\amd64_microsoft.windows.common-controls_6595b64144ccf1df_6.0.19041.1110_none_60b5254171f9507e;D:\STS\sts-4.17.2.RELEASE\plugins\org.eclipse.justj.openjdk.hotspot.jre.full.win32.x86_64_17.0.6.v20230125-1136\jre\bin\server

VM Arguments:
jvm_args: -Dfile.encoding=UTF-8 -XX:+ShowCodeDetailsInExceptionMessages 
java_command: org.hibernate.internal.util.collections.ArrayHelper
java_class_path (initial): C:\SpringBootCodes-master\boot_JPA_example\target\classes;C:\Users\vedantp\.m2\repository\org\springframework\boot\spring-boot-starter-data-jpa\3.0.4\spring-boot-starter-data-jpa-3.0.4.jar;C:\Users\vedantp\.m2\repository\org\springframework\boot\spring-boot-starter-aop\3.0.4\spring-boot-starter-aop-3.0.4.jar;C:\Users\vedantp\.m2\repository\org\springframework\spring-aop\6.0.6\spring-aop-6.0.6.jar;C:\Users\vedantp\.m2\repository\org\aspectj\aspectjweaver\1.9.19\aspectjweaver-1.9.19.jar;C:\Users\vedantp\.m2\repository\org\springframework\boot\spring-boot-starter-jdbc\3.0.4\spring-boot-starter-jdbc-3.0.4.jar;C:\Users\vedantp\.m2\repository\com\zaxxer\HikariCP\5.0.1\HikariCP-5.0.1.jar;C:\Users\vedantp\.m2\repository\org\springframework\spring-jdbc\6.0.6\spring-jdbc-6.0.6.jar;C:\Users\vedantp\.m2\repository\org\hibernate\orm\hibernate-core\6.1.7.Final\hibernate-core-6.1.7.Final.jar;C:\Users\vedantp\.m2\repository\jakarta\persistence\jakarta.persistence-api\3.1.0\jakarta.persistence-api-3.1.0.jar;C:\Users\vedantp\.m2\repository\jakarta\transaction\jakarta.transaction-api\2.0.1\jakarta.transaction-api-2.0.1.jar;C:\Users\vedantp\.m2\repository\org\jboss\logging\jboss-logging\3.5.0.Final\jboss-logging-3.5.0.Final.jar;C:\Users\vedantp\.m2\repository\org\hibernate\common\hibernate-commons-annotations\6.0.6.Final\hibernate-commons-annotations-6.0.6.Final.jar;C:\Users\vedantp\.m2\repository\org\jboss\jandex\2.4.2.Final\jandex-2.4.2.Final.jar;C:\Users\vedantp\.m2\repository\com\fasterxml\classmate\1.5.1\classmate-1.5.1.jar;C:\Users\vedantp\.m2\repository\net\bytebuddy\byte-buddy\1.12.23\byte-buddy-1.12.23.jar;C:\Users\vedantp\.m2\repository\org\glassfish\jaxb\jaxb-runtime\4.0.2\jaxb-runtime-4.0.2.jar;C:\Users\vedantp\.m2\repository\org\glassfish\jaxb\jaxb-core\4.0.2\jaxb-core-4.0.2.jar;C:\Users\vedantp\.m2\repository\org\eclipse\angus\angus-activation\2.0.0\angus-activation-2.0.0.jar;C:\Users\vedantp\.m2\repository\org\glassfish\jaxb\txw2\4.0.2\txw2-4
Launcher Type: SUN_STANDARD

[Global flags]
     intx CICompilerCount                          = 12                                        {product} {ergonomic}
     uint ConcGCThreads                            = 3                                         {product} {ergonomic}
     uint G1ConcRefinementThreads                  = 13                                        {product} {ergonomic}
   size_t G1HeapRegionSize                         = 2097152                                   {product} {ergonomic}
    uintx GCDrainStackTargetSize                   = 64                                        {product} {ergonomic}
   size_t InitialHeapSize                          = 266338304                                 {product} {ergonomic}
   size_t MarkStackSize                            = 4194304                                   {product} {ergonomic}
   size_t MaxHeapSize                              = 4257218560                                {product} {ergonomic}
   size_t MaxNewSize                               = 2554331136                                {product} {ergonomic}
   size_t MinHeapDeltaBytes                        = 2097152                                   {product} {ergonomic}
   size_t MinHeapSize                              = 8388608                                   {product} {ergonomic}
    uintx NonNMethodCodeHeapSize                   = 7602480                                {pd product} {ergonomic}
    uintx NonProfiledCodeHeapSize                  = 122027880                              {pd product} {ergonomic}
    uintx ProfiledCodeHeapSize                     = 122027880                              {pd product} {ergonomic}
    uintx ReservedCodeCacheSize                    = 251658240                              {pd product} {ergonomic}
     bool SegmentedCodeCache                       = true                                      {product} {ergonomic}
     bool ShowCodeDetailsInExceptionMessages       = true                                   {manageable} {command line}
   size_t SoftMaxHeapSize                          = 4257218560                             {manageable} {ergonomic}
     bool UseCompressedClassPointers               = true                           {product lp64_product} {ergonomic}
     bool UseCompressedOops                        = true                           {product lp64_product} {ergonomic}
     bool UseG1GC                                  = true                                      {product} {ergonomic}
     bool UseLargePagesIndividualAllocation        = false                                  {pd product} {ergonomic}

Logging:
Log output configuration:
 #0: stdout all=warning uptime,level,tags
 #1: stderr all=off uptime,level,tags

Environment Variables:
JAVA_HOME=C:\Program Files\Java\jdk-17
PATH=C:/sts-4.17.2.RELEASE//plugins/org.eclipse.justj.openjdk.hotspot.jre.full.win32.x86_64_17.0.6.v20230125-1136/jre/bin/server;C:/sts-4.17.2.RELEASE//plugins/org.eclipse.justj.openjdk.hotspot.jre.full.win32.x86_64_17.0.6.v20230125-1136/jre/bin;C:\Program Files\Java\jdk-17\bin;C:\Program Files\Common Files\Oracle\Java\javapath;C:\Program Files (x86)\Common Files\Oracle\Java\javapath;C:\Windows\system32;C:\Windows;C:\Windows\System32\Wbem;C:\Windows\System32\WindowsPowerShell\v1.0\;C:\Windows\System32\OpenSSH\;C:\Program Files\Git\cmd;C:\Program Files\MySQL\MySQL Shell 8.0\bin\;C:\Users\vedantp\AppData\Local\Microsoft\WindowsApps;;C:\Users\vedantp\AppData\Local\Programs\Microsoft VS Code\bin;C:\sts-4.17.2.RELEASE;
USERNAME=vedantp
OS=Windows_NT
PROCESSOR_IDENTIFIER=Intel64 Family 6 Model 165 Stepping 5, GenuineIntel
TMP=C:\Users\vedantp\AppData\Local\Temp
TEMP=C:\Users\vedantp\AppData\Local\Temp



---------------  S Y S T E M  ---------------

OS:
 Windows 10 , 64 bit Build 19041 (10.0.19041.3031)
OS uptime: 0 days 0:42 hours

CPU: total 16 (initial active 16) (8 cores per cpu, 2 threads per core) family 6 model 165 stepping 5 microcode 0xf0, cx8, cmov, fxsr, ht, mmx, 3dnowpref, sse, sse2, sse3, ssse3, sse4.1, sse4.2, popcnt, lzcnt, tsc, tscinvbit, avx, avx2, aes, erms, clmul, bmi1, bmi2, adx, fma, vzeroupper, clflush, clflushopt

Memory: 4k page, system-wide physical 16233M (5910M free)
TotalPageFile size 18665M (AvailPageFile size 6171M)
current process WorkingSet (physical memory assigned to process): 29M, peak: 29M
current process commit charge ("private bytes"): 344M, peak: 344M

vm_info: OpenJDK 64-Bit Server VM (17.0.6+10) for windows-amd64 JRE (17.0.6+10), built on Jan 18 2023 10:08:59 by "temurin" with MS VC++ 16.7 (VS2019)

END.
