#
# A fatal error has been detected by the Java Runtime Environment:
#
#  EXCEPTION_IN_PAGE_ERROR (0xc0000006) at pc=0x00007ff9a31d132c, pid=18032, tid=17448
#
# JRE version: OpenJDK Runtime Environment Temurin-17.0.6+10 (17.0.6+10) (build 17.0.6+10)
# Java VM: OpenJDK 64-Bit Server VM Temurin-17.0.6+10 (17.0.6+10, mixed mode, emulated-client, tiered, compressed oops, compressed class ptrs, g1 gc, windows-amd64)
# Problematic frame:
# C  [jimage.dll+0x132c]
#
# No core dump will be written. Minidumps are not enabled by default on client versions of Windows
#
# If you would like to submit a bug report, please visit:
#   https://github.com/adoptium/adoptium-support/issues
#

---------------  S U M M A R Y ------------

Command Line: -Dcom.sun.management.jmxremote -Dcom.sun.management.jmxremote.port=61528 -Dcom.sun.management.jmxremote.authenticate=false -Dcom.sun.management.jmxremote.ssl=false -Djava.rmi.server.hostname=localhost -Dspring.jmx.enabled=true -Dmanagement.endpoints.jmx.exposure.include=* -Dspring.application.admin.enabled=true -XX:TieredStopAtLevel=1 -Dspring.boot.project.name=SpringbootWebProject -Dfile.encoding=UTF-8 -XX:+ShowCodeDetailsInExceptionMessages com.springboot.web.SpringbootWebProjectApplication --spring.output.ansi.enabled=always

Host: Intel(R) Core(TM) i7-10700 CPU @ 2.90GHz, 16 cores, 15G,  Windows 10 , 64 bit Build 19041 (10.0.19041.3031)
Time: Wed Jul 12 16:47:53 2023 India Standard Time elapsed time: 10.672039 seconds (0d 0h 0m 10s)

---------------  T H R E A D  ---------------

Current thread (0x00000275eae3d7c0):  JavaThread "main" [_thread_in_vm, id=17448, stack(0x000000f08c600000,0x000000f08c700000)]

Stack: [0x000000f08c600000,0x000000f08c700000],  sp=0x000000f08c6fc220,  free space=1008k
Native frames: (J=compiled Java code, j=interpreted, Vv=VM code, C=native code)
C  [jimage.dll+0x132c]
C  [jimage.dll+0x1e97]
C  [jimage.dll+0x1f2e]
C  [jimage.dll+0x2666]
V  [jvm.dll+0x1f238d]
V  [jvm.dll+0x1f0fb2]
V  [jvm.dll+0x7aea1b]
V  [jvm.dll+0x7afdc2]
V  [jvm.dll+0x412dc5]
C  [java.dll+0x1a55]

Java frames: (J=compiled Java code, j=interpreted, Vv=VM code)
J 1006  java.lang.ClassLoader.findBootstrapClass(Ljava/lang/String;)Ljava/lang/Class; java.base@17.0.6 (0 bytes) @ 0x00000275f03033fa [0x00000275f03033a0+0x000000000000005a]
J 1013 c1 jdk.internal.loader.ClassLoaders$BootClassLoader.loadClassOrNull(Ljava/lang/String;Z)Ljava/lang/Class; java.base@17.0.6 (10 bytes) @ 0x00000275f03074a4 [0x00000275f0307440+0x0000000000000064]
J 955 c1 jdk.internal.loader.BuiltinClassLoader.loadClassOrNull(Ljava/lang/String;Z)Ljava/lang/Class; java.base@17.0.6 (143 bytes) @ 0x00000275f02e8b24 [0x00000275f02e8780+0x00000000000003a4]
J 1011 c1 jdk.internal.loader.ClassLoaders$AppClassLoader.loadClass(Ljava/lang/String;Z)Ljava/lang/Class; java.base@17.0.6 (40 bytes) @ 0x00000275f030792c [0x00000275f03077e0+0x000000000000014c]
J 1010 c1 java.lang.ClassLoader.loadClass(Ljava/lang/String;)Ljava/lang/Class; java.base@17.0.6 (7 bytes) @ 0x00000275f0306d64 [0x00000275f0306d20+0x0000000000000044]
v  ~StubRoutines::call_stub
J 945  java.lang.Class.forName0(Ljava/lang/String;ZLjava/lang/ClassLoader;Ljava/lang/Class;)Ljava/lang/Class; java.base@17.0.6 (0 bytes) @ 0x00000275f02e34af [0x00000275f02e3420+0x000000000000008f]
J 946 c1 java.lang.Class.forName(Ljava/lang/String;ZLjava/lang/ClassLoader;)Ljava/lang/Class; java.base@17.0.6 (47 bytes) @ 0x00000275f02e3a3c [0x00000275f02e3940+0x00000000000000fc]
j  javax.xml.parsers.FactoryFinder.getProviderClass(Ljava/lang/String;Ljava/lang/ClassLoader;ZZ)Ljava/lang/Class;+38 java.xml@17.0.6
j  javax.xml.parsers.FactoryFinder.newInstance(Ljava/lang/Class;Ljava/lang/String;Ljava/lang/ClassLoader;ZZ)Ljava/lang/Object;+47 java.xml@17.0.6
j  javax.xml.parsers.FactoryFinder.newInstance(Ljava/lang/Class;Ljava/lang/String;Ljava/lang/ClassLoader;Z)Ljava/lang/Object;+5 java.xml@17.0.6
j  javax.xml.parsers.FactoryFinder.find(Ljava/lang/Class;Ljava/lang/String;)Ljava/lang/Object;+231 java.xml@17.0.6
j  javax.xml.parsers.SAXParserFactory.newInstance()Ljavax/xml/parsers/SAXParserFactory;+4 java.xml@17.0.6
j  org.apache.tomcat.util.digester.Digester.getFactory()Ljavax/xml/parsers/SAXParserFactory;+8
j  org.apache.tomcat.util.digester.Digester.getParser()Ljavax/xml/parsers/SAXParser;+14
j  org.apache.tomcat.util.digester.Digester.getXMLReader()Lorg/xml/sax/XMLReader;+9
j  org.apache.tomcat.util.digester.Digester.parse(Lorg/xml/sax/InputSource;)Ljava/lang/Object;+5
j  org.apache.tomcat.util.descriptor.tld.TldParser.parse(Lorg/apache/tomcat/util/descriptor/tld/TldResourcePath;)Lorg/apache/tomcat/util/descriptor/tld/TaglibXml;+138
j  org.apache.jasper.servlet.TldScanner.parseTld(Lorg/apache/tomcat/util/descriptor/tld/TldResourcePath;)V+5
j  org.apache.jasper.servlet.TldScanner$TldScannerCallback.scan(Lorg/apache/tomcat/Jar;Ljava/lang/String;Z)V+76
j  org.apache.tomcat.util.scan.StandardJarScanner.process(Lorg/apache/tomcat/JarScanType;Lorg/apache/tomcat/JarScannerCallback;Ljava/net/URL;Ljava/lang/String;ZLjava/util/Deque;)V+91
j  org.apache.tomcat.util.scan.StandardJarScanner.processURLs(Lorg/apache/tomcat/JarScanType;Lorg/apache/tomcat/JarScannerCallback;Ljava/util/Set;ZLjava/util/Deque;)V+157
j  org.apache.tomcat.util.scan.StandardJarScanner.doScanClassPath(Lorg/apache/tomcat/JarScanType;Ljakarta/servlet/ServletContext;Lorg/apache/tomcat/JarScannerCallback;Ljava/util/Set;)V+265
j  org.apache.tomcat.util.scan.StandardJarScanner.scan(Lorg/apache/tomcat/JarScanType;Ljakarta/servlet/ServletContext;Lorg/apache/tomcat/JarScannerCallback;)V+379
j  org.apache.jasper.servlet.TldScanner.scanJars()V+26
j  org.apache.jasper.servlet.TldScanner.scan()V+15
j  org.apache.jasper.servlet.JasperInitializer.onStartup(Ljava/util/Set;Ljakarta/servlet/ServletContext;)V+124
j  org.apache.catalina.core.StandardContext.startInternal()V+1013
j  org.apache.catalina.util.LifecycleBase.start()V+210
j  org.apache.catalina.core.ContainerBase$StartChild.call()Ljava/lang/Void;+4
j  org.apache.catalina.core.ContainerBase$StartChild.call()Ljava/lang/Object;+1
j  java.util.concurrent.FutureTask.run()V+39 java.base@17.0.6
j  org.apache.tomcat.util.threads.InlineExecutorService.execute(Ljava/lang/Runnable;)V+38
j  java.util.concurrent.AbstractExecutorService.submit(Ljava/util/concurrent/Callable;)Ljava/util/concurrent/Future;+20 java.base@17.0.6
j  org.apache.catalina.core.ContainerBase.startInternal()V+106
j  org.apache.catalina.core.StandardHost.startInternal()V+175
j  org.apache.catalina.util.LifecycleBase.start()V+210
j  org.apache.catalina.core.ContainerBase$StartChild.call()Ljava/lang/Void;+4
j  org.apache.catalina.core.ContainerBase$StartChild.call()Ljava/lang/Object;+1
j  java.util.concurrent.FutureTask.run()V+39 java.base@17.0.6
j  org.apache.tomcat.util.threads.InlineExecutorService.execute(Ljava/lang/Runnable;)V+38
j  java.util.concurrent.AbstractExecutorService.submit(Ljava/util/concurrent/Callable;)Ljava/util/concurrent/Future;+20 java.base@17.0.6
j  org.apache.catalina.core.ContainerBase.startInternal()V+106
j  org.apache.catalina.core.StandardEngine.startInternal()V+38
j  org.apache.catalina.util.LifecycleBase.start()V+210
j  org.apache.catalina.core.StandardService.startInternal()V+63
j  org.apache.catalina.util.LifecycleBase.start()V+210
j  org.apache.catalina.core.StandardServer.startInternal()V+53
j  org.apache.catalina.util.LifecycleBase.start()V+210
j  org.apache.catalina.startup.Tomcat.start()V+9
j  org.springframework.boot.web.embedded.tomcat.TomcatWebServer.initialize()V+51
j  org.springframework.boot.web.embedded.tomcat.TomcatWebServer.<init>(Lorg/apache/catalina/startup/Tomcat;ZLorg/springframework/boot/web/server/Shutdown;)V+66
j  org.springframework.boot.web.embedded.tomcat.TomcatServletWebServerFactory.getTomcatWebServer(Lorg/apache/catalina/startup/Tomcat;)Lorg/springframework/boot/web/embedded/tomcat/TomcatWebServer;+21
j  org.springframework.boot.web.embedded.tomcat.TomcatServletWebServerFactory.getWebServer([Lorg/springframework/boot/web/servlet/ServletContextInitializer;)Lorg/springframework/boot/web/server/WebServer;+212
j  org.springframework.boot.web.servlet.context.ServletWebServerApplicationContext.createWebServer()V+67
j  org.springframework.boot.web.servlet.context.ServletWebServerApplicationContext.onRefresh()V+5
j  org.springframework.context.support.AbstractApplicationContext.refresh()V+77
j  org.springframework.boot.web.servlet.context.ServletWebServerApplicationContext.refresh()V+1
j  org.springframework.boot.SpringApplication.refresh(Lorg/springframework/context/ConfigurableApplicationContext;)V+1
j  org.springframework.boot.SpringApplication.refreshContext(Lorg/springframework/context/ConfigurableApplicationContext;)V+16
j  org.springframework.boot.SpringApplication.run([Ljava/lang/String;)Lorg/springframework/context/ConfigurableApplicationContext;+101
j  org.springframework.boot.SpringApplication.run([Ljava/lang/Class;[Ljava/lang/String;)Lorg/springframework/context/ConfigurableApplicationContext;+9
j  org.springframework.boot.SpringApplication.run(Ljava/lang/Class;[Ljava/lang/String;)Lorg/springframework/context/ConfigurableApplicationContext;+9
j  com.springboot.web.SpringbootWebProjectApplication.main([Ljava/lang/String;)V+3
v  ~StubRoutines::call_stub

siginfo: EXCEPTION_IN_PAGE_ERROR (0xc0000006), reading address 0x00000275ee4e012c


Register to memory mapping:

RIP=0x00007ff9a31d132c jimage.dll
RAX=0x00006beb4c995ebf is an unknown value
RBX=0x00000275ee4e012a points into unknown readable memory: fa fa fe ca 80 08
RCX=0x00000275ee4e012a points into unknown readable memory: fa fa fe ca 80 08
RDX=0x00000275819a3ff0 points into unknown readable memory: 0x000000070a303438 | 38 34 30 0a 07 00 00 00
RSP=0x000000f08c6fc220 is pointing into the stack for thread: 0x00000275eae3d7c0
RBP=0x000000f08c6fc2f0 is pointing into the stack for thread: 0x00000275eae3d7c0
RSI=0x00000275ee4e012a points into unknown readable memory: fa fa fe ca 80 08
RDI=0x00000275ee4e012a points into unknown readable memory: fa fa fe ca 80 08
R8 =0x0000000000001329 is an unknown value
R9 =0x000000f08c6fc2f0 is pointing into the stack for thread: 0x00000275eae3d7c0
R10=0x00000275ec9b66eb points into unknown readable memory: 00 09 01 fa 12
R11=0x0 is NULL
R12=0x0000000000001329 is an unknown value
R13=0x00000275eb056b80 points into unknown readable memory: 0x2f6e75732f6d6f63 | 63 6f 6d 2f 73 75 6e 2f
R14=0x00000275819a3ff0 points into unknown readable memory: 0x000000070a303438 | 38 34 30 0a 07 00 00 00
R15=0x00000275819a3ff0 points into unknown readable memory: 0x000000070a303438 | 38 34 30 0a 07 00 00 00


Registers:
RAX=0x00006beb4c995ebf, RBX=0x00000275ee4e012a, RCX=0x00000275ee4e012a, RDX=0x00000275819a3ff0
RSP=0x000000f08c6fc220, RBP=0x000000f08c6fc2f0, RSI=0x00000275ee4e012a, RDI=0x00000275ee4e012a
R8 =0x0000000000001329, R9 =0x000000f08c6fc2f0, R10=0x00000275ec9b66eb, R11=0x0000000000000000
R12=0x0000000000001329, R13=0x00000275eb056b80, R14=0x00000275819a3ff0, R15=0x00000275819a3ff0
RIP=0x00007ff9a31d132c, EFLAGS=0x0000000000010202

Top of Stack: (sp=0x000000f08c6fc220)
0x000000f08c6fc220:   0000000000000000 00007ff973c0358f
0x000000f08c6fc230:   000000f08c6fc318 0000027581931cf8
0x000000f08c6fc240:   00000000000004ec 0000000000000040
0x000000f08c6fc250:   00000000daf1fff7 00007ff9af6430ce
0x000000f08c6fc260:   0000000000000000 0000027581931cf8
0x000000f08c6fc270:   0000000000000004 00006beb4c995ebf
0x000000f08c6fc280:   0000000000001329 00000275819a3ff0
0x000000f08c6fc290:   00000275eb056b70 00000275ead486e0
0x000000f08c6fc2a0:   0000000001a875d0 000000000000089d
0x000000f08c6fc2b0:   00000275ee4e012a 00007ff9a31d1e97
0x000000f08c6fc2c0:   0000000000000000 0000000000000000
0x000000f08c6fc2d0:   0000000000000000 0000000000000000
0x000000f08c6fc2e0:   00007ff9a31d6000 0000000000004428
0x000000f08c6fc2f0:   00000275ec9bd21f 00007ff90009b93b
0x000000f08c6fc300:   00000275eb056b70 00000275eae3a060
0x000000f08c6fc310:   00000275ead486e0 00007ff9a31d1f2e 

Instructions: (pc=0x00007ff9a31d132c)
0x00007ff9a31d122c:   89 0a c3 cc 48 8d 05 c9 4d 00 00 84 c9 74 07 48
0x00007ff9a31d123c:   8d 05 c6 4d 00 00 c3 cc 0f b6 01 0f b6 49 01 66
0x00007ff9a31d124c:   c1 e0 08 66 0b c1 c3 cc 0f b7 c2 88 51 01 66 c1
0x00007ff9a31d125c:   e8 08 88 01 c3 cc cc cc 48 89 5c 24 08 4c 8b 09
0x00007ff9a31d126c:   4c 8b d9 41 b8 04 00 00 00 41 0f b6 01 84 c0 79
0x00007ff9a31d127c:   4e 44 0f be c0 24 1f 41 c1 f8 05 41 83 e0 03 0f
0x00007ff9a31d128c:   b6 d0 41 83 f8 01 74 57 42 8d 0c c5 f8 ff ff ff
0x00007ff9a31d129c:   41 8b d8 d3 e2 48 83 fb 01 76 44 41 ba 01 00 00
0x00007ff9a31d12ac:   00 42 8d 0c c5 f0 ff ff ff 43 0f b6 04 11 49 ff
0x00007ff9a31d12bc:   c2 d3 e0 83 e9 08 0b d0 4c 3b d3 7c ec eb 20 41
0x00007ff9a31d12cc:   0f b6 49 02 8b d0 41 0f b6 41 01 c1 e2 08 0b d0
0x00007ff9a31d12dc:   c1 e2 08 0b d1 41 0f b6 49 03 c1 e2 08 0b d1 48
0x00007ff9a31d12ec:   8b 5c 24 08 8b c2 41 8b c8 49 03 c9 49 89 0b c3
0x00007ff9a31d12fc:   40 53 55 56 57 41 54 41 56 41 57 48 83 ec 60 48
0x00007ff9a31d130c:   8b 05 26 4d 00 00 48 33 c4 48 89 44 24 58 49 8b
0x00007ff9a31d131c:   e9 4d 8b e0 4c 8b fa 48 8b f1 48 8b d9 48 8b f9
0x00007ff9a31d132c:   0f b6 47 02 44 0f b6 47 03 41 c1 e0 08 44 0b c0
0x00007ff9a31d133c:   0f b6 47 01 41 c1 e0 08 44 0b c0 0f b6 07 41 c1
0x00007ff9a31d134c:   e0 08 44 0b c0 44 89 44 24 30 0f b6 47 0a 0f b6
0x00007ff9a31d135c:   57 0b 0f b6 4f 07 48 c1 e2 08 48 0b d0 c1 e1 08
0x00007ff9a31d136c:   0f b6 47 09 48 c1 e2 08 48 0b d0 0f b6 47 08 48
0x00007ff9a31d137c:   c1 e2 08 48 0b d0 0f b6 47 06 0b c8 48 c1 e2 20
0x00007ff9a31d138c:   0f b6 47 05 c1 e1 08 0b c1 c1 e0 08 48 98 48 0b
0x00007ff9a31d139c:   d0 0f b6 47 04 48 0b d0 48 89 54 24 38 0f b6 47
0x00007ff9a31d13ac:   12 44 0f b6 4f 13 0f b6 4f 0f c1 e1 08 49 c1 e1
0x00007ff9a31d13bc:   08 4c 0b c8 0f b6 47 11 49 c1 e1 08 4c 0b c8 0f
0x00007ff9a31d13cc:   b6 47 10 49 c1 e1 08 4c 0b c8 0f b6 47 0e 0b c8
0x00007ff9a31d13dc:   49 c1 e1 20 0f b6 47 0d c1 e1 08 0b c1 c1 e0 08
0x00007ff9a31d13ec:   48 98 4c 0b c8 0f b6 47 0c 4c 0b c8 4c 89 4c 24
0x00007ff9a31d13fc:   40 0f b6 47 16 0f b6 4f 17 c1 e1 08 0b c8 0f b6
0x00007ff9a31d140c:   47 15 c1 e1 08 0b c8 0f b6 47 14 c1 e1 08 0b c8
0x00007ff9a31d141c:   89 4c 24 48 0f b6 47 1a 0f b6 57 1b c1 e2 08 0b 


Stack slot to memory mapping:
stack at sp + 0 slots: 0x0 is NULL
stack at sp + 1 slots: 0x00007ff973c0358f jvm.dll
stack at sp + 2 slots: 0x000000f08c6fc318 is pointing into the stack for thread: 0x00000275eae3d7c0
stack at sp + 3 slots: 0x0000027581931cf8 points into unknown readable memory: 0x0000027583b003f0 | f0 03 b0 83 75 02 00 00
stack at sp + 4 slots: 0x00000000000004ec is an unknown value
stack at sp + 5 slots: 0x0000000000000040 is an unknown value
stack at sp + 6 slots: 0x00000000daf1fff7 is an unknown value
stack at sp + 7 slots: 0x00007ff9af6430ce KERNELBASE.dll


---------------  P R O C E S S  ---------------

Threads class SMR info:
_java_thread_list=0x0000027581ab11f0, length=19, elements={
0x00000275eae3d7c0, 0x0000027581058a70, 0x0000027581059900, 0x0000027581098a90,
0x000002758109c370, 0x000002758109d860, 0x000002758109eb40, 0x00000275810ab820,
0x00000275810acd50, 0x000002758050a980, 0x00000275811192c0, 0x00000275812b3e30,
0x00000275816d0500, 0x00000275816d2ee0, 0x00000275816d3800, 0x0000027581a92780,
0x0000027581ad38d0, 0x0000027581af2a60, 0x0000027581b12c40
}

Java Threads: ( => current thread )
=>0x00000275eae3d7c0 JavaThread "main" [_thread_in_vm, id=17448, stack(0x000000f08c600000,0x000000f08c700000)]
  0x0000027581058a70 JavaThread "Reference Handler" daemon [_thread_blocked, id=19056, stack(0x000000f08cd00000,0x000000f08ce00000)]
  0x0000027581059900 JavaThread "Finalizer" daemon [_thread_blocked, id=15684, stack(0x000000f08ce00000,0x000000f08cf00000)]
  0x0000027581098a90 JavaThread "Signal Dispatcher" daemon [_thread_blocked, id=16440, stack(0x000000f08cf00000,0x000000f08d000000)]
  0x000002758109c370 JavaThread "Attach Listener" daemon [_thread_blocked, id=3956, stack(0x000000f08d000000,0x000000f08d100000)]
  0x000002758109d860 JavaThread "Service Thread" daemon [_thread_blocked, id=17732, stack(0x000000f08d100000,0x000000f08d200000)]
  0x000002758109eb40 JavaThread "Monitor Deflation Thread" daemon [_thread_blocked, id=18648, stack(0x000000f08d200000,0x000000f08d300000)]
  0x00000275810ab820 JavaThread "C1 CompilerThread0" daemon [_thread_blocked, id=1232, stack(0x000000f08d300000,0x000000f08d400000)]
  0x00000275810acd50 JavaThread "Sweeper thread" daemon [_thread_blocked, id=10744, stack(0x000000f08d400000,0x000000f08d500000)]
  0x000002758050a980 JavaThread "Common-Cleaner" daemon [_thread_blocked, id=10692, stack(0x000000f08d500000,0x000000f08d600000)]
  0x00000275811192c0 JavaThread "C1 CompilerThread1" daemon [_thread_blocked, id=5972, stack(0x000000f08d600000,0x000000f08d700000)]
  0x00000275812b3e30 JavaThread "Notification Thread" daemon [_thread_blocked, id=18800, stack(0x000000f08d900000,0x000000f08da00000)]
  0x00000275816d0500 JavaThread "RMI TCP Accept-0" daemon [_thread_in_native, id=16996, stack(0x000000f08da00000,0x000000f08db00000)]
  0x00000275816d2ee0 JavaThread "RMI TCP Accept-61528" daemon [_thread_in_native, id=4064, stack(0x000000f08db00000,0x000000f08dc00000)]
  0x00000275816d3800 JavaThread "RMI TCP Accept-0" daemon [_thread_in_native, id=17300, stack(0x000000f08dc00000,0x000000f08dd00000)]
  0x0000027581a92780 JavaThread "RMI TCP Connection(1)-127.0.0.1" daemon [_thread_in_native, id=7536, stack(0x000000f08de00000,0x000000f08df00000)]
  0x0000027581ad38d0 JavaThread "RMI Scheduler(0)" daemon [_thread_blocked, id=4136, stack(0x000000f08e500000,0x000000f08e600000)]
  0x0000027581af2a60 JavaThread "RMI TCP Connection(2)-127.0.0.1" daemon [_thread_blocked, id=19104, stack(0x000000f08e600000,0x000000f08e700000)]
  0x0000027581b12c40 JavaThread "JMX server connection timeout 30" daemon [_thread_blocked, id=18392, stack(0x000000f08e700000,0x000000f08e800000)]

Other Threads:
  0x000002758052ea30 VMThread "VM Thread" [stack: 0x000000f08cc00000,0x000000f08cd00000] [id=18948] _threads_hazard_ptr=0x0000027581ab11f0
  0x000002758179c680 WatcherThread [stack: 0x000000f08dd00000,0x000000f08de00000] [id=10328]
  0x00000275eb0bfb20 GCTaskThread "GC Thread#0" [stack: 0x000000f08c700000,0x000000f08c800000] [id=17332]
  0x0000027581ac2c50 GCTaskThread "GC Thread#1" [stack: 0x000000f08df00000,0x000000f08e000000] [id=18248]
  0x0000027581ac2f00 GCTaskThread "GC Thread#2" [stack: 0x000000f08e000000,0x000000f08e100000] [id=18204]
  0x0000027581ac1ee0 GCTaskThread "GC Thread#3" [stack: 0x000000f08e100000,0x000000f08e200000] [id=16236]
  0x0000027581ac31b0 GCTaskThread "GC Thread#4" [stack: 0x000000f08e200000,0x000000f08e300000] [id=10696]
  0x0000027581ac2190 GCTaskThread "GC Thread#5" [stack: 0x000000f08e300000,0x000000f08e400000] [id=3440]
  0x0000027581ac29a0 GCTaskThread "GC Thread#6" [stack: 0x000000f08e400000,0x000000f08e500000] [id=12036]
  0x0000027581ac39c0 GCTaskThread "GC Thread#7" [stack: 0x000000f08e900000,0x000000f08ea00000] [id=7732]
  0x0000027581ac2440 GCTaskThread "GC Thread#8" [stack: 0x000000f08ea00000,0x000000f08eb00000] [id=15116]
  0x0000027581ac3710 GCTaskThread "GC Thread#9" [stack: 0x000000f08eb00000,0x000000f08ec00000] [id=3620]
  0x00000275837ac920 GCTaskThread "GC Thread#10" [stack: 0x000000f08f000000,0x000000f08f100000] [id=3908]
  0x00000275837ace80 GCTaskThread "GC Thread#11" [stack: 0x000000f08f100000,0x000000f08f200000] [id=17536]
  0x00000275837ae6b0 GCTaskThread "GC Thread#12" [stack: 0x000000f08e800000,0x000000f08e900000] [id=4944]
  0x00000275eb0d2ee0 ConcurrentGCThread "G1 Main Marker" [stack: 0x000000f08c800000,0x000000f08c900000] [id=19008]
  0x00000275eb0d3800 ConcurrentGCThread "G1 Conc#0" [stack: 0x000000f08c900000,0x000000f08ca00000] [id=10404]
  0x0000027581ac3460 ConcurrentGCThread "G1 Conc#1" [stack: 0x000000f08ec00000,0x000000f08ed00000] [id=8104]
  0x0000027581ac26f0 ConcurrentGCThread "G1 Conc#2" [stack: 0x000000f08ed00000,0x000000f08ee00000] [id=18256]
  0x00000275eb11ec10 ConcurrentGCThread "G1 Refine#0" [stack: 0x000000f08ca00000,0x000000f08cb00000] [id=18100]
  0x00000275803d7810 ConcurrentGCThread "G1 Service" [stack: 0x000000f08cb00000,0x000000f08cc00000] [id=18356]

Threads with active compile tasks:

VM state: synchronizing (normal execution)

VM Mutex/Monitor currently owned by a thread:  ([mutex/lock_event])
[0x00000275eb054160] Threads_lock - owner thread: 0x000002758052ea30

Heap address: 0x0000000702400000, size: 4060 MB, Compressed Oops mode: Zero based, Oop shift amount: 3

CDS archive(s) not mapped
Compressed class space mapped at: 0x0000000800000000-0x0000000840000000, reserved size: 1073741824
Narrow klass base: 0x0000000800000000, Narrow klass shift: 0, Narrow klass range: 0x40000000

GC Precious Log:
 CPUs: 16 total, 16 available
 Memory: 16233M
 Large Page Support: Disabled
 NUMA Support: Disabled
 Compressed Oops: Enabled (Zero based)
 Heap Region Size: 2M
 Heap Min Capacity: 8M
 Heap Initial Capacity: 254M
 Heap Max Capacity: 4060M
 Pre-touch: Disabled
 Parallel Workers: 13
 Concurrent Workers: 3
 Concurrent Refinement Workers: 13
 Periodic GC: Disabled

Heap:
 garbage-first heap   total 147456K, used 26616K [0x0000000702400000, 0x0000000800000000)
  region size 2048K, 10 young (20480K), 1 survivors (2048K)
 Metaspace       used 33271K, committed 33664K, reserved 1081344K
  class space    used 4100K, committed 4288K, reserved 1048576K

Heap Regions: E=young(eden), S=young(survivor), O=old, HS=humongous(starts), HC=humongous(continues), CS=collection set, F=free, OA=open archive, CA=closed archive, TAMS=top-at-mark-start (previous, next)
|   0|0x0000000702400000, 0x0000000702600000, 0x0000000702600000|100%| O|  |TAMS 0x0000000702496c00, 0x0000000702400000| Untracked 
|   1|0x0000000702600000, 0x0000000702800000, 0x0000000702800000|100%| O|  |TAMS 0x0000000702600000, 0x0000000702600000| Untracked 
|   2|0x0000000702800000, 0x0000000702888c00, 0x0000000702a00000| 26%| O|  |TAMS 0x0000000702800000, 0x0000000702800000| Untracked 
|   3|0x0000000702a00000, 0x0000000702c00000, 0x0000000702c00000|100%| O|  |TAMS 0x0000000702a00000, 0x0000000702a00000| Untracked 
|   4|0x0000000702c00000, 0x0000000702e00000, 0x0000000702e00000|100%| O|  |TAMS 0x0000000702c00000, 0x0000000702c00000| Untracked 
|   5|0x0000000702e00000, 0x0000000702e00000, 0x0000000703000000|  0%| F|  |TAMS 0x0000000702e00000, 0x0000000702e00000| Untracked 
|   6|0x0000000703000000, 0x0000000703000000, 0x0000000703200000|  0%| F|  |TAMS 0x0000000703000000, 0x0000000703000000| Untracked 
|   7|0x0000000703200000, 0x0000000703200000, 0x0000000703400000|  0%| F|  |TAMS 0x0000000703200000, 0x0000000703200000| Untracked 
|   8|0x0000000703400000, 0x0000000703400000, 0x0000000703600000|  0%| F|  |TAMS 0x0000000703400000, 0x0000000703400000| Untracked 
|   9|0x0000000703600000, 0x00000007037757a0, 0x0000000703800000| 72%| S|CS|TAMS 0x0000000703600000, 0x0000000703600000| Complete 
|  10|0x0000000703800000, 0x0000000703800000, 0x0000000703a00000|  0%| F|  |TAMS 0x0000000703800000, 0x0000000703800000| Untracked 
|  11|0x0000000703a00000, 0x0000000703a00000, 0x0000000703c00000|  0%| F|  |TAMS 0x0000000703a00000, 0x0000000703a00000| Untracked 
|  12|0x0000000703c00000, 0x0000000703c00000, 0x0000000703e00000|  0%| F|  |TAMS 0x0000000703c00000, 0x0000000703c00000| Untracked 
|  13|0x0000000703e00000, 0x0000000703e00000, 0x0000000704000000|  0%| F|  |TAMS 0x0000000703e00000, 0x0000000703e00000| Untracked 
|  14|0x0000000704000000, 0x0000000704000000, 0x0000000704200000|  0%| F|  |TAMS 0x0000000704000000, 0x0000000704000000| Untracked 
|  15|0x0000000704200000, 0x0000000704200000, 0x0000000704400000|  0%| F|  |TAMS 0x0000000704200000, 0x0000000704200000| Untracked 
|  16|0x0000000704400000, 0x0000000704400000, 0x0000000704600000|  0%| F|  |TAMS 0x0000000704400000, 0x0000000704400000| Untracked 
|  17|0x0000000704600000, 0x0000000704600000, 0x0000000704800000|  0%| F|  |TAMS 0x0000000704600000, 0x0000000704600000| Untracked 
|  18|0x0000000704800000, 0x0000000704800000, 0x0000000704a00000|  0%| F|  |TAMS 0x0000000704800000, 0x0000000704800000| Untracked 
|  19|0x0000000704a00000, 0x0000000704a00000, 0x0000000704c00000|  0%| F|  |TAMS 0x0000000704a00000, 0x0000000704a00000| Untracked 
|  20|0x0000000704c00000, 0x0000000704c00000, 0x0000000704e00000|  0%| F|  |TAMS 0x0000000704c00000, 0x0000000704c00000| Untracked 
|  21|0x0000000704e00000, 0x0000000704e00000, 0x0000000705000000|  0%| F|  |TAMS 0x0000000704e00000, 0x0000000704e00000| Untracked 
|  22|0x0000000705000000, 0x0000000705000000, 0x0000000705200000|  0%| F|  |TAMS 0x0000000705000000, 0x0000000705000000| Untracked 
|  23|0x0000000705200000, 0x0000000705200000, 0x0000000705400000|  0%| F|  |TAMS 0x0000000705200000, 0x0000000705200000| Untracked 
|  24|0x0000000705400000, 0x0000000705400000, 0x0000000705600000|  0%| F|  |TAMS 0x0000000705400000, 0x0000000705400000| Untracked 
|  25|0x0000000705600000, 0x0000000705600000, 0x0000000705800000|  0%| F|  |TAMS 0x0000000705600000, 0x0000000705600000| Untracked 
|  26|0x0000000705800000, 0x0000000705800000, 0x0000000705a00000|  0%| F|  |TAMS 0x0000000705800000, 0x0000000705800000| Untracked 
|  27|0x0000000705a00000, 0x0000000705a00000, 0x0000000705c00000|  0%| F|  |TAMS 0x0000000705a00000, 0x0000000705a00000| Untracked 
|  28|0x0000000705c00000, 0x0000000705c00000, 0x0000000705e00000|  0%| F|  |TAMS 0x0000000705c00000, 0x0000000705c00000| Untracked 
|  29|0x0000000705e00000, 0x0000000705e00000, 0x0000000706000000|  0%| F|  |TAMS 0x0000000705e00000, 0x0000000705e00000| Untracked 
|  30|0x0000000706000000, 0x0000000706000000, 0x0000000706200000|  0%| F|  |TAMS 0x0000000706000000, 0x0000000706000000| Untracked 
|  31|0x0000000706200000, 0x0000000706200000, 0x0000000706400000|  0%| F|  |TAMS 0x0000000706200000, 0x0000000706200000| Untracked 
|  32|0x0000000706400000, 0x0000000706400000, 0x0000000706600000|  0%| F|  |TAMS 0x0000000706400000, 0x0000000706400000| Untracked 
|  33|0x0000000706600000, 0x0000000706600000, 0x0000000706800000|  0%| F|  |TAMS 0x0000000706600000, 0x0000000706600000| Untracked 
|  34|0x0000000706800000, 0x0000000706800000, 0x0000000706a00000|  0%| F|  |TAMS 0x0000000706800000, 0x0000000706800000| Untracked 
|  35|0x0000000706a00000, 0x0000000706a00000, 0x0000000706c00000|  0%| F|  |TAMS 0x0000000706a00000, 0x0000000706a00000| Untracked 
|  36|0x0000000706c00000, 0x0000000706c00000, 0x0000000706e00000|  0%| F|  |TAMS 0x0000000706c00000, 0x0000000706c00000| Untracked 
|  37|0x0000000706e00000, 0x0000000706e00000, 0x0000000707000000|  0%| F|  |TAMS 0x0000000706e00000, 0x0000000706e00000| Untracked 
|  38|0x0000000707000000, 0x0000000707000000, 0x0000000707200000|  0%| F|  |TAMS 0x0000000707000000, 0x0000000707000000| Untracked 
|  39|0x0000000707200000, 0x0000000707200000, 0x0000000707400000|  0%| F|  |TAMS 0x0000000707200000, 0x0000000707200000| Untracked 
|  40|0x0000000707400000, 0x0000000707400000, 0x0000000707600000|  0%| F|  |TAMS 0x0000000707400000, 0x0000000707400000| Untracked 
|  41|0x0000000707600000, 0x0000000707600000, 0x0000000707800000|  0%| F|  |TAMS 0x0000000707600000, 0x0000000707600000| Untracked 
|  42|0x0000000707800000, 0x0000000707800000, 0x0000000707a00000|  0%| F|  |TAMS 0x0000000707800000, 0x0000000707800000| Untracked 
|  43|0x0000000707a00000, 0x0000000707a00000, 0x0000000707c00000|  0%| F|  |TAMS 0x0000000707a00000, 0x0000000707a00000| Untracked 
|  44|0x0000000707c00000, 0x0000000707c00000, 0x0000000707e00000|  0%| F|  |TAMS 0x0000000707c00000, 0x0000000707c00000| Untracked 
|  45|0x0000000707e00000, 0x0000000707e00000, 0x0000000708000000|  0%| F|  |TAMS 0x0000000707e00000, 0x0000000707e00000| Untracked 
|  46|0x0000000708000000, 0x0000000708000000, 0x0000000708200000|  0%| F|  |TAMS 0x0000000708000000, 0x0000000708000000| Untracked 
|  47|0x0000000708200000, 0x0000000708200000, 0x0000000708400000|  0%| F|  |TAMS 0x0000000708200000, 0x0000000708200000| Untracked 
|  48|0x0000000708400000, 0x0000000708400000, 0x0000000708600000|  0%| F|  |TAMS 0x0000000708400000, 0x0000000708400000| Untracked 
|  49|0x0000000708600000, 0x0000000708600000, 0x0000000708800000|  0%| F|  |TAMS 0x0000000708600000, 0x0000000708600000| Untracked 
|  50|0x0000000708800000, 0x0000000708800000, 0x0000000708a00000|  0%| F|  |TAMS 0x0000000708800000, 0x0000000708800000| Untracked 
|  51|0x0000000708a00000, 0x0000000708a00000, 0x0000000708c00000|  0%| F|  |TAMS 0x0000000708a00000, 0x0000000708a00000| Untracked 
|  52|0x0000000708c00000, 0x0000000708c00000, 0x0000000708e00000|  0%| F|  |TAMS 0x0000000708c00000, 0x0000000708c00000| Untracked 
|  53|0x0000000708e00000, 0x0000000708e00000, 0x0000000709000000|  0%| F|  |TAMS 0x0000000708e00000, 0x0000000708e00000| Untracked 
|  54|0x0000000709000000, 0x0000000709000000, 0x0000000709200000|  0%| F|  |TAMS 0x0000000709000000, 0x0000000709000000| Untracked 
|  55|0x0000000709200000, 0x0000000709200000, 0x0000000709400000|  0%| F|  |TAMS 0x0000000709200000, 0x0000000709200000| Untracked 
|  56|0x0000000709400000, 0x0000000709400000, 0x0000000709600000|  0%| F|  |TAMS 0x0000000709400000, 0x0000000709400000| Untracked 
|  57|0x0000000709600000, 0x0000000709600000, 0x0000000709800000|  0%| F|  |TAMS 0x0000000709600000, 0x0000000709600000| Untracked 
|  58|0x0000000709800000, 0x0000000709800000, 0x0000000709a00000|  0%| F|  |TAMS 0x0000000709800000, 0x0000000709800000| Untracked 
|  59|0x0000000709a00000, 0x0000000709a00000, 0x0000000709c00000|  0%| F|  |TAMS 0x0000000709a00000, 0x0000000709a00000| Untracked 
|  60|0x0000000709c00000, 0x0000000709c00000, 0x0000000709e00000|  0%| F|  |TAMS 0x0000000709c00000, 0x0000000709c00000| Untracked 
|  61|0x0000000709e00000, 0x0000000709e00000, 0x000000070a000000|  0%| F|  |TAMS 0x0000000709e00000, 0x0000000709e00000| Untracked 
|  62|0x000000070a000000, 0x000000070a000000, 0x000000070a200000|  0%| F|  |TAMS 0x000000070a000000, 0x000000070a000000| Untracked 
|  63|0x000000070a200000, 0x000000070a400000, 0x000000070a400000|100%| E|  |TAMS 0x000000070a200000, 0x000000070a200000| Complete 
|  64|0x000000070a400000, 0x000000070a600000, 0x000000070a600000|100%| E|CS|TAMS 0x000000070a400000, 0x000000070a400000| Complete 
|  65|0x000000070a600000, 0x000000070a800000, 0x000000070a800000|100%| E|CS|TAMS 0x000000070a600000, 0x000000070a600000| Complete 
|  66|0x000000070a800000, 0x000000070aa00000, 0x000000070aa00000|100%| E|CS|TAMS 0x000000070a800000, 0x000000070a800000| Complete 
|  67|0x000000070aa00000, 0x000000070ac00000, 0x000000070ac00000|100%| E|CS|TAMS 0x000000070aa00000, 0x000000070aa00000| Complete 
|  68|0x000000070ac00000, 0x000000070ae00000, 0x000000070ae00000|100%| E|CS|TAMS 0x000000070ac00000, 0x000000070ac00000| Complete 
|  69|0x000000070ae00000, 0x000000070b000000, 0x000000070b000000|100%| E|CS|TAMS 0x000000070ae00000, 0x000000070ae00000| Complete 
| 113|0x0000000710600000, 0x0000000710800000, 0x0000000710800000|100%| E|CS|TAMS 0x0000000710600000, 0x0000000710600000| Complete 
| 126|0x0000000712000000, 0x0000000712200000, 0x0000000712200000|100%| E|CS|TAMS 0x0000000712000000, 0x0000000712000000| Complete 

Card table byte_map: [0x00000275f4510000,0x00000275f4d00000] _byte_map_base: 0x00000275f0cfe000

Marking Bits (Prev, Next): (CMBitMap*) 0x00000275eb0c2090, (CMBitMap*) 0x00000275eb0c2050
 Prev Bits: [0x00000275f9460000, 0x00000275fd3d0000)
 Next Bits: [0x00000275f54f0000, 0x00000275f9460000)

Polling page: 0x00000275eb120000

Metaspace:

Usage:
  Non-class:     28.49 MB used.
      Class:      4.00 MB used.
       Both:     32.49 MB used.

Virtual space:
  Non-class space:       32.00 MB reserved,      28.69 MB ( 90%) committed,  4 nodes.
      Class space:        1.00 GB reserved,       4.19 MB ( <1%) committed,  1 nodes.
             Both:        1.03 GB reserved,      32.88 MB (  3%) committed. 

Chunk freelists:
   Non-Class:  3.02 MB
       Class:  3.81 MB
        Both:  6.83 MB

MaxMetaspaceSize: unlimited
CompressedClassSpaceSize: 1.00 GB
Initial GC threshold: 21.00 MB
Current GC threshold: 35.25 MB
CDS: off
MetaspaceReclaimPolicy: balanced
 - commit_granule_bytes: 65536.
 - commit_granule_words: 8192.
 - virtual_space_node_default_size: 1048576.
 - enlarge_chunks_in_place: 1.
 - new_chunks_are_fully_committed: 0.
 - uncommit_free_chunks: 1.
 - use_allocation_guard: 0.
 - handle_deallocations: 1.


Internal statistics:

num_allocs_failed_limit: 3.
num_arena_births: 524.
num_arena_deaths: 0.
num_vsnodes_births: 5.
num_vsnodes_deaths: 0.
num_space_committed: 526.
num_space_uncommitted: 0.
num_chunks_returned_to_freelist: 3.
num_chunks_taken_from_freelist: 1387.
num_chunk_merges: 0.
num_chunk_splits: 923.
num_chunks_enlarged: 647.
num_purges: 0.
num_inconsistent_stats: 0.

CodeCache: size=49152Kb used=6620Kb max_used=8827Kb free=42531Kb
 bounds [0x00000275efee0000, 0x00000275f0780000, 0x00000275f2ee0000]
 total_blobs=3708 nmethods=3192 adapters=441
 compilation: enabled
              stopped_count=0, restarted_count=0
 full_count=0

Compilation events (20 events):
Event: 5.642 Thread 0x00000275811192c0 nmethod 3183 0x00000275f01a8890 code [0x00000275f01a8a40, 0x00000275f01a8b68]
Event: 5.643 Thread 0x00000275810ab820 nmethod 3182 0x00000275f01a7890 code [0x00000275f01a7b40, 0x00000275f01a84b8]
Event: 5.643 Thread 0x00000275810ab820 3185  s    1       java.io.ByteArrayOutputStream::reset (6 bytes)
Event: 5.643 Thread 0x00000275811192c0 3184       1       java.io.ByteArrayOutputStream::<init> (7 bytes)
Event: 5.643 Thread 0x00000275810ab820 nmethod 3185 0x00000275f01a7510 code [0x00000275f01a76a0, 0x00000275f01a7818]
Event: 5.643 Thread 0x00000275811192c0 nmethod 3184 0x00000275f01a7210 code [0x00000275f01a73a0, 0x00000275f01a7488]
Event: 5.644 Thread 0x00000275811192c0 3187       1       java.lang.String::lastIndexOf (18 bytes)
Event: 5.644 Thread 0x00000275810ab820 3186       1       java.lang.String::lastIndexOf (10 bytes)
Event: 5.644 Thread 0x00000275811192c0 nmethod 3187 0x00000275f01a6e90 code [0x00000275f01a7020, 0x00000275f01a7128]
Event: 5.644 Thread 0x00000275811192c0 3188       1       java.lang.String::lastIndexOf (104 bytes)
Event: 5.644 Thread 0x00000275810ab820 nmethod 3186 0x00000275f01a6b10 code [0x00000275f01a6ca0, 0x00000275f01a6dc8]
Event: 5.644 Thread 0x00000275811192c0 nmethod 3188 0x00000275f01a6590 code [0x00000275f01a6760, 0x00000275f01a69a8]
Event: 5.651 Thread 0x00000275811192c0 3189       1       java.lang.invoke.MemberName::equals (24 bytes)
Event: 5.652 Thread 0x00000275811192c0 nmethod 3189 0x00000275f01a6190 code [0x00000275f01a6320, 0x00000275f01a64a8]
Event: 6.157 Thread 0x00000275811192c0 3190       1       java.io.ObjectStreamClass::forClass (52 bytes)
Event: 6.157 Thread 0x00000275810ab820 3191       1       java.lang.ModuleLayer::boot (4 bytes)
Event: 6.157 Thread 0x00000275810ab820 nmethod 3191 0x00000275f01a5e90 code [0x00000275f01a6020, 0x00000275f01a60d8]
Event: 6.158 Thread 0x00000275810ab820 3192       1       java.io.ObjectStreamField::isPrimitive (23 bytes)
Event: 6.158 Thread 0x00000275810ab820 nmethod 3192 0x00000275f01a5990 code [0x00000275f01a5b40, 0x00000275f01a5d08]
Event: 6.161 Thread 0x00000275811192c0 nmethod 3190 0x00000275f01a4710 code [0x00000275f01a49c0, 0x00000275f01a5388]

GC Heap History (12 events):
Event: 0.478 GC heap before
{Heap before GC invocations=0 (full 0):
 garbage-first heap   total 260096K, used 22528K [0x0000000702400000, 0x0000000800000000)
  region size 2048K, 11 young (22528K), 0 survivors (0K)
 Metaspace       used 16290K, committed 16512K, reserved 1064960K
  class space    used 1747K, committed 1856K, reserved 1048576K
}
Event: 0.480 GC heap after
{Heap after GC invocations=1 (full 0):
 garbage-first heap   total 260096K, used 4699K [0x0000000702400000, 0x0000000800000000)
  region size 2048K, 2 young (4096K), 2 survivors (4096K)
 Metaspace       used 16290K, committed 16512K, reserved 1064960K
  class space    used 1747K, committed 1856K, reserved 1048576K
}
Event: 0.701 GC heap before
{Heap before GC invocations=1 (full 0):
 garbage-first heap   total 260096K, used 23131K [0x0000000702400000, 0x0000000800000000)
  region size 2048K, 13 young (26624K), 2 survivors (4096K)
 Metaspace       used 21296K, committed 21504K, reserved 1073152K
  class space    used 2440K, committed 2560K, reserved 1048576K
}
Event: 0.704 GC heap after
{Heap after GC invocations=2 (full 0):
 garbage-first heap   total 260096K, used 6215K [0x0000000702400000, 0x0000000800000000)
  region size 2048K, 1 young (2048K), 1 survivors (2048K)
 Metaspace       used 21296K, committed 21504K, reserved 1073152K
  class space    used 2440K, committed 2560K, reserved 1048576K
}
Event: 0.799 GC heap before
{Heap before GC invocations=3 (full 0):
 garbage-first heap   total 34816K, used 22599K [0x0000000702400000, 0x0000000800000000)
  region size 2048K, 10 young (20480K), 1 survivors (2048K)
 Metaspace       used 25535K, committed 25792K, reserved 1073152K
  class space    used 3016K, committed 3136K, reserved 1048576K
}
Event: 0.800 GC heap after
{Heap after GC invocations=4 (full 0):
 garbage-first heap   total 34816K, used 7508K [0x0000000702400000, 0x0000000800000000)
  region size 2048K, 2 young (4096K), 2 survivors (4096K)
 Metaspace       used 25535K, committed 25792K, reserved 1073152K
  class space    used 3016K, committed 3136K, reserved 1048576K
}
Event: 0.823 GC heap before
{Heap before GC invocations=4 (full 0):
 garbage-first heap   total 34816K, used 9556K [0x0000000702400000, 0x0000000800000000)
  region size 2048K, 3 young (6144K), 2 survivors (4096K)
 Metaspace       used 25847K, committed 26112K, reserved 1073152K
  class space    used 3069K, committed 3200K, reserved 1048576K
}
Event: 0.825 GC heap after
{Heap after GC invocations=5 (full 0):
 garbage-first heap   total 34816K, used 8058K [0x0000000702400000, 0x0000000800000000)
  region size 2048K, 1 young (2048K), 1 survivors (2048K)
 Metaspace       used 25847K, committed 26112K, reserved 1073152K
  class space    used 3069K, committed 3200K, reserved 1048576K
}
Event: 0.976 GC heap before
{Heap before GC invocations=5 (full 0):
 garbage-first heap   total 34816K, used 22394K [0x0000000702400000, 0x0000000800000000)
  region size 2048K, 8 young (16384K), 1 survivors (2048K)
 Metaspace       used 27244K, committed 27520K, reserved 1073152K
  class space    used 3276K, committed 3392K, reserved 1048576K
}
Event: 0.978 GC heap after
{Heap after GC invocations=6 (full 0):
 garbage-first heap   total 34816K, used 8817K [0x0000000702400000, 0x0000000800000000)
  region size 2048K, 1 young (2048K), 1 survivors (2048K)
 Metaspace       used 27244K, committed 27520K, reserved 1073152K
  class space    used 3276K, committed 3392K, reserved 1048576K
}
Event: 1.156 GC heap before
{Heap before GC invocations=6 (full 0):
 garbage-first heap   total 34816K, used 23153K [0x0000000702400000, 0x0000000800000000)
  region size 2048K, 8 young (16384K), 1 survivors (2048K)
 Metaspace       used 30049K, committed 30400K, reserved 1081344K
  class space    used 3673K, committed 3840K, reserved 1048576K
}
Event: 1.159 GC heap after
{Heap after GC invocations=7 (full 0):
 garbage-first heap   total 147456K, used 10232K [0x0000000702400000, 0x0000000800000000)
  region size 2048K, 1 young (2048K), 1 survivors (2048K)
 Metaspace       used 30049K, committed 30400K, reserved 1081344K
  class space    used 3673K, committed 3840K, reserved 1048576K
}

Dll operation events (8 events):
Event: 0.004 Loaded shared library D:\STS\sts-4.17.2.RELEASE\plugins\org.eclipse.justj.openjdk.hotspot.jre.full.win32.x86_64_17.0.6.v20230125-1136\jre\bin\java.dll
Event: 0.094 Loaded shared library D:\STS\sts-4.17.2.RELEASE\plugins\org.eclipse.justj.openjdk.hotspot.jre.full.win32.x86_64_17.0.6.v20230125-1136\jre\bin\jimage.dll
Event: 0.103 Loaded shared library D:\STS\sts-4.17.2.RELEASE\plugins\org.eclipse.justj.openjdk.hotspot.jre.full.win32.x86_64_17.0.6.v20230125-1136\jre\bin\net.dll
Event: 0.105 Loaded shared library D:\STS\sts-4.17.2.RELEASE\plugins\org.eclipse.justj.openjdk.hotspot.jre.full.win32.x86_64_17.0.6.v20230125-1136\jre\bin\nio.dll
Event: 0.109 Loaded shared library D:\STS\sts-4.17.2.RELEASE\plugins\org.eclipse.justj.openjdk.hotspot.jre.full.win32.x86_64_17.0.6.v20230125-1136\jre\bin\zip.dll
Event: 0.131 Loaded shared library D:\STS\sts-4.17.2.RELEASE\plugins\org.eclipse.justj.openjdk.hotspot.jre.full.win32.x86_64_17.0.6.v20230125-1136\jre\bin\management.dll
Event: 0.140 Loaded shared library D:\STS\sts-4.17.2.RELEASE\plugins\org.eclipse.justj.openjdk.hotspot.jre.full.win32.x86_64_17.0.6.v20230125-1136\jre\bin\management_ext.dll
Event: 1.313 Loaded shared library D:\STS\sts-4.17.2.RELEASE\plugins\org.eclipse.justj.openjdk.hotspot.jre.full.win32.x86_64_17.0.6.v20230125-1136\jre\bin\sunmscapi.dll

Deoptimization events (2 events):
Event: 0.730 Thread 0x00000275eae3d7c0 DEOPT PACKING pc=0x00000275f05aca79 sp=0x000000f08c6fd4e0
Event: 0.730 Thread 0x00000275eae3d7c0 DEOPT UNPACKING pc=0x00000275eff37143 sp=0x000000f08c6fc9c0 mode 3

Classes unloaded (0 events):
No events

Classes redefined (0 events):
No events

Internal exceptions (20 events):
Event: 1.052 Thread 0x00000275eae3d7c0 Exception <a 'java/lang/NoSuchMethodError'{0x0000000703e4d788}: 'int java.lang.invoke.Invokers$Holder.linkToTargetMethod(java.lang.Object, java.lang.Object)'> (0x0000000703e4d788) 
thrown [s\src\hotspot\share\interpreter\linkResolver.cpp, line 759]
Event: 1.059 Thread 0x00000275eae3d7c0 Exception <a 'java/lang/NoSuchMethodError'{0x0000000703efb8e8}: 'java.lang.Object java.lang.invoke.DirectMethodHandle$Holder.invokeSpecial(java.lang.Object, java.lang.Object, java.lang.Object, java.lang.Object, java.lang.Object, java.lang.Object, java.lang.Object, java.lang.Object, java.lang.Object, java.lang.Object)'> (0x0000000703efb8e8) 
thrown [s\src\hotspot\share\interpreter\linkResolver.cpp, line 759]
Event: 1.059 Thread 0x00000275eae3d7c0 Exception <a 'java/lang/NoSuchMethodError'{0x0000000703effed0}: 'java.lang.Object java.lang.invoke.Invokers$Holder.invoke_MT(java.lang.Object, java.lang.Object, java.lang.Object, java.lang.Object, java.lang.Object, java.lang.Object, java.lang.Object, java.lang.Object, java.lang.Object, java.lang.Object)'> (0x0000000703effed0) 
thrown [s\src\hotspot\share\interpreter\linkResolver.cpp, line 759]
Event: 1.061 Thread 0x00000275eae3d7c0 Exception <a 'java/lang/NoSuchMethodError'{0x0000000703f3fc08}: 'java.lang.Object java.lang.invoke.DirectMethodHandle$Holder.invokeSpecial(java.lang.Object, java.lang.Object, int, java.lang.Object, java.lang.Object)'> (0x0000000703f3fc08) 
thrown [s\src\hotspot\share\interpreter\linkResolver.cpp, line 759]
Event: 1.061 Thread 0x00000275eae3d7c0 Exception <a 'java/lang/NoSuchMethodError'{0x0000000703f438b0}: 'java.lang.Object java.lang.invoke.DelegatingMethodHandle$Holder.delegate(java.lang.Object, int, java.lang.Object, java.lang.Object)'> (0x0000000703f438b0) 
thrown [s\src\hotspot\share\interpreter\linkResolver.cpp, line 759]
Event: 1.062 Thread 0x00000275eae3d7c0 Exception <a 'java/lang/NoSuchMethodError'{0x0000000703f54738}: 'int java.lang.invoke.Invokers$Holder.linkToTargetMethod(java.lang.Object, java.lang.Object, java.lang.Object)'> (0x0000000703f54738) 
thrown [s\src\hotspot\share\interpreter\linkResolver.cpp, line 759]
Event: 1.077 Thread 0x00000275eae3d7c0 Exception <a 'java/lang/NoClassDefFoundError'{0x0000000703c61b80}: org/flywaydb/core/Flyway> (0x0000000703c61b80) 
thrown [s\src\hotspot\share\classfile\systemDictionary.cpp, line 245]
Event: 1.077 Thread 0x00000275eae3d7c0 Exception <a 'java/lang/NoClassDefFoundError'{0x0000000703c63390}: liquibase/integration/spring/SpringLiquibase> (0x0000000703c63390) 
thrown [s\src\hotspot\share\classfile\systemDictionary.cpp, line 245]
Event: 1.091 Thread 0x00000275eae3d7c0 Exception <a 'java/lang/NoSuchMethodError'{0x0000000703d80fc0}: 'void java.lang.invoke.DirectMethodHandle$Holder.invokeSpecial(java.lang.Object, java.lang.Object, java.lang.Object, java.lang.Object, java.lang.Object, java.lang.Object)'> (0x0000000703d80fc0) 
thrown [s\src\hotspot\share\interpreter\linkResolver.cpp, line 759]
Event: 1.162 Thread 0x00000275eae3d7c0 Exception <a 'java/lang/NoSuchMethodError'{0x0000000712037590}: 'void java.lang.invoke.DirectMethodHandle$Holder.invokeInterface(java.lang.Object, java.lang.Object, int)'> (0x0000000712037590) 
thrown [s\src\hotspot\share\interpreter\linkResolver.cpp, line 759]
Event: 1.165 Thread 0x00000275eae3d7c0 Exception <a 'java/lang/IncompatibleClassChangeError'{0x0000000712087640}: Found class java.lang.Object, but interface was expected> (0x0000000712087640) 
thrown [s\src\hotspot\share\interpreter\linkResolver.cpp, line 826]
Event: 1.165 Thread 0x00000275eae3d7c0 Exception <a 'java/lang/NoSuchMethodError'{0x000000071208c728}: 'void java.lang.invoke.DirectMethodHandle$Holder.invokeStatic(java.lang.Object, int, java.lang.Object)'> (0x000000071208c728) 
thrown [s\src\hotspot\share\interpreter\linkResolver.cpp, line 759]
Event: 1.273 Thread 0x00000275eae3d7c0 Exception <a 'java/lang/NoSuchMethodError'{0x000000070ab92098}: 'java.lang.Object java.lang.invoke.DirectMethodHandle$Holder.invokeSpecial(java.lang.Object, java.lang.Object, long, java.lang.Object, java.lang.Object, java.lang.Object, java.lang.Object, java.lang.Object, java.lang.Object)'> (0x000000070ab92098) 
thrown [s\src\hotspot\share\interpreter\linkResolver.cpp, line 759]
Event: 1.273 Thread 0x00000275eae3d7c0 Exception <a 'java/lang/NoSuchMethodError'{0x000000070ab96bc0}: 'java.lang.Object java.lang.invoke.DelegatingMethodHandle$Holder.reinvoke_L(java.lang.Object, long, java.lang.Object, java.lang.Object, java.lang.Object, java.lang.Object, java.lang.Object, java.lang.Object)'> (0x000000070ab96bc0) 
thrown [s\src\hotspot\share\interpreter\linkResolver.cpp, line 759]
Event: 1.273 Thread 0x00000275eae3d7c0 Exception <a 'java/lang/NoSuchMethodError'{0x000000070aba35c0}: 'java.lang.Object java.lang.invoke.Invokers$Holder.linkToTargetMethod(java.lang.Object, java.lang.Object, java.lang.Object, java.lang.Object, java.lang.Object, java.lang.Object, java.lang.Object)'> (0x000000070aba35c0) 
thrown [s\src\hotspot\share\interpreter\linkResolver.cpp, line 759]
Event: 1.318 Thread 0x00000275eae3d7c0 Exception <a 'java/io/FileNotFoundException'{0x000000070a718ae8}> (0x000000070a718ae8) 
thrown [s\src\hotspot\share\prims\jni.cpp, line 516]
Event: 1.554 Thread 0x0000027581af2a60 Exception <a 'java/lang/reflect/InvocationTargetException'{0x000000070a507af8}> (0x000000070a507af8) 
thrown [s\src\hotspot\share\runtime\reflection.cpp, line 1121]
Event: 2.108 Thread 0x0000027581af2a60 Exception <a 'java/lang/reflect/InvocationTargetException'{0x000000070a50b458}> (0x000000070a50b458) 
thrown [s\src\hotspot\share\runtime\reflection.cpp, line 1121]
Event: 5.604 Thread 0x0000027581af2a60 Exception <a 'java/lang/reflect/InvocationTargetException'{0x000000070a50eb68}> (0x000000070a50eb68) 
thrown [s\src\hotspot\share\runtime\reflection.cpp, line 1121]
Event: 6.157 Thread 0x0000027581af2a60 Exception <a 'java/lang/reflect/InvocationTargetException'{0x000000070a512228}> (0x000000070a512228) 
thrown [s\src\hotspot\share\runtime\reflection.cpp, line 1121]

VM Operations (20 events):
Event: 1.095 Executing VM operation: HandshakeAllThreads done
Event: 1.153 Executing VM operation: HandshakeAllThreads
Event: 1.153 Executing VM operation: HandshakeAllThreads done
Event: 1.156 Executing VM operation: G1CollectForAllocation
Event: 1.159 Executing VM operation: G1CollectForAllocation done
Event: 1.189 Executing VM operation: HandshakeAllThreads
Event: 1.189 Executing VM operation: HandshakeAllThreads done
Event: 1.252 Executing VM operation: HandshakeAllThreads
Event: 1.252 Executing VM operation: HandshakeAllThreads done
Event: 1.279 Executing VM operation: HandshakeAllThreads
Event: 1.279 Executing VM operation: HandshakeAllThreads done
Event: 1.302 Executing VM operation: HandshakeAllThreads
Event: 1.302 Executing VM operation: HandshakeAllThreads done
Event: 1.316 Executing VM operation: HandshakeAllThreads
Event: 1.316 Executing VM operation: HandshakeAllThreads done
Event: 2.326 Executing VM operation: Cleanup
Event: 5.603 Executing VM operation: Cleanup done
Event: 5.635 Executing VM operation: HandshakeAllThreads
Event: 5.635 Executing VM operation: HandshakeAllThreads done
Event: 6.648 Executing VM operation: Cleanup

Events (20 events):
Event: 5.636 loading class java/nio/file/FileVisitor done
Event: 5.639 loading class java/nio/file/SimpleFileVisitor
Event: 5.640 loading class java/nio/file/SimpleFileVisitor done
Event: 5.640 loading class java/nio/file/Files$3
Event: 5.640 loading class java/nio/file/Files$3 done
Event: 5.640 loading class java/nio/file/FileVisitResult
Event: 5.640 loading class java/nio/file/FileVisitResult done
Event: 5.641 loading class java/util/jar/JarVerifier
Event: 5.642 loading class java/util/jar/JarVerifier done
Event: 5.642 loading class java/security/CodeSigner
Event: 5.642 loading class java/security/CodeSigner done
Event: 5.646 loading class javax/xml/parsers/SAXParserFactory
Event: 5.651 loading class javax/xml/parsers/SAXParserFactory done
Event: 5.651 loading class javax/xml/parsers/FactoryFinder
Event: 5.651 loading class javax/xml/parsers/FactoryFinder done
Event: 5.651 loading class jdk/xml/internal/SecuritySupport
Event: 5.651 loading class jdk/xml/internal/SecuritySupport done
Event: 5.652 loading class javax/xml/parsers/FactoryFinder$1
Event: 5.652 loading class javax/xml/parsers/FactoryFinder$1 done
Event: 5.652 loading class com/sun/org/apache/xerces/internal/jaxp/SAXParserFactoryImpl


Dynamic libraries:
0x00007ff7cd200000 - 0x00007ff7cd20e000 	D:\STS\sts-4.17.2.RELEASE\plugins\org.eclipse.justj.openjdk.hotspot.jre.full.win32.x86_64_17.0.6.v20230125-1136\jre\bin\javaw.exe
0x00007ff9b1dd0000 - 0x00007ff9b1fc8000 	C:\Windows\SYSTEM32\ntdll.dll
0x00007ff9b1040000 - 0x00007ff9b10ff000 	C:\Windows\System32\KERNEL32.DLL
0x00007ff9af620000 - 0x00007ff9af916000 	C:\Windows\System32\KERNELBASE.dll
0x00007ff9af4b0000 - 0x00007ff9af5b0000 	C:\Windows\System32\ucrtbase.dll
0x00007ff9a3080000 - 0x00007ff9a3099000 	D:\STS\sts-4.17.2.RELEASE\plugins\org.eclipse.justj.openjdk.hotspot.jre.full.win32.x86_64_17.0.6.v20230125-1136\jre\bin\VCRUNTIME140.dll
0x00007ff990ae0000 - 0x00007ff990af7000 	D:\STS\sts-4.17.2.RELEASE\plugins\org.eclipse.justj.openjdk.hotspot.jre.full.win32.x86_64_17.0.6.v20230125-1136\jre\bin\jli.dll
0x00007ff9b1100000 - 0x00007ff9b129d000 	C:\Windows\System32\USER32.dll
0x00007ff9afcf0000 - 0x00007ff9afd12000 	C:\Windows\System32\win32u.dll
0x00007ff98b830000 - 0x00007ff98baca000 	C:\Windows\WinSxS\amd64_microsoft.windows.common-controls_6595b64144ccf1df_6.0.19041.1110_none_60b5254171f9507e\COMCTL32.dll
0x00007ff9b0140000 - 0x00007ff9b016c000 	C:\Windows\System32\GDI32.dll
0x00007ff9b1ba0000 - 0x00007ff9b1c3e000 	C:\Windows\System32\msvcrt.dll
0x00007ff9afb30000 - 0x00007ff9afc45000 	C:\Windows\System32\gdi32full.dll
0x00007ff9afc50000 - 0x00007ff9afced000 	C:\Windows\System32\msvcp_win.dll
0x00007ff9b1350000 - 0x00007ff9b1380000 	C:\Windows\System32\IMM32.DLL
0x00007ff9a31f0000 - 0x00007ff9a31fc000 	D:\STS\sts-4.17.2.RELEASE\plugins\org.eclipse.justj.openjdk.hotspot.jre.full.win32.x86_64_17.0.6.v20230125-1136\jre\bin\vcruntime140_1.dll
0x00007ff98f080000 - 0x00007ff98f111000 	D:\STS\sts-4.17.2.RELEASE\plugins\org.eclipse.justj.openjdk.hotspot.jre.full.win32.x86_64_17.0.6.v20230125-1136\jre\bin\msvcp140.dll
0x00007ff973460000 - 0x00007ff9740a7000 	D:\STS\sts-4.17.2.RELEASE\plugins\org.eclipse.justj.openjdk.hotspot.jre.full.win32.x86_64_17.0.6.v20230125-1136\jre\bin\server\jvm.dll
0x00007ff9b12a0000 - 0x00007ff9b134f000 	C:\Windows\System32\ADVAPI32.dll
0x00007ff9aff80000 - 0x00007ff9b001c000 	C:\Windows\System32\sechost.dll
0x00007ff9b1c60000 - 0x00007ff9b1d86000 	C:\Windows\System32\RPCRT4.dll
0x00007ff9a1900000 - 0x00007ff9a1909000 	C:\Windows\SYSTEM32\WSOCK32.dll
0x00007ff989a90000 - 0x00007ff989ab7000 	C:\Windows\SYSTEM32\WINMM.dll
0x00007ff9a9130000 - 0x00007ff9a913a000 	C:\Windows\SYSTEM32\VERSION.dll
0x00007ff9b0b10000 - 0x00007ff9b0b7b000 	C:\Windows\System32\WS2_32.dll
0x00007ff9ad160000 - 0x00007ff9ad172000 	C:\Windows\SYSTEM32\kernel.appcore.dll
0x00007ff9a31d0000 - 0x00007ff9a31da000 	D:\STS\sts-4.17.2.RELEASE\plugins\org.eclipse.justj.openjdk.hotspot.jre.full.win32.x86_64_17.0.6.v20230125-1136\jre\bin\jimage.dll
0x00007ff99bb90000 - 0x00007ff99bd74000 	C:\Windows\SYSTEM32\DBGHELP.DLL
0x00007ff9a1dc0000 - 0x00007ff9a1df4000 	C:\Windows\SYSTEM32\dbgcore.DLL
0x00007ff9afd20000 - 0x00007ff9afda2000 	C:\Windows\System32\bcryptPrimitives.dll
0x00007ff98f830000 - 0x00007ff98f855000 	D:\STS\sts-4.17.2.RELEASE\plugins\org.eclipse.justj.openjdk.hotspot.jre.full.win32.x86_64_17.0.6.v20230125-1136\jre\bin\java.dll
0x00007ff990610000 - 0x00007ff990628000 	D:\STS\sts-4.17.2.RELEASE\plugins\org.eclipse.justj.openjdk.hotspot.jre.full.win32.x86_64_17.0.6.v20230125-1136\jre\bin\zip.dll
0x00007ff9b1450000 - 0x00007ff9b1b94000 	C:\Windows\System32\SHELL32.dll
0x00007ff9ad360000 - 0x00007ff9adaf3000 	C:\Windows\SYSTEM32\windows.storage.dll
0x00007ff9b0170000 - 0x00007ff9b04c4000 	C:\Windows\System32\combase.dll
0x00007ff9aee90000 - 0x00007ff9aeebe000 	C:\Windows\SYSTEM32\Wldp.dll
0x00007ff9b04d0000 - 0x00007ff9b057d000 	C:\Windows\System32\SHCORE.dll
0x00007ff9b0fe0000 - 0x00007ff9b1035000 	C:\Windows\System32\shlwapi.dll
0x00007ff9af3f0000 - 0x00007ff9af40f000 	C:\Windows\SYSTEM32\profapi.dll
0x00007ff98f770000 - 0x00007ff98f789000 	D:\STS\sts-4.17.2.RELEASE\plugins\org.eclipse.justj.openjdk.hotspot.jre.full.win32.x86_64_17.0.6.v20230125-1136\jre\bin\net.dll
0x00007ff9a95d0000 - 0x00007ff9a96da000 	C:\Windows\SYSTEM32\WINHTTP.dll
0x00007ff9aebf0000 - 0x00007ff9aec5a000 	C:\Windows\system32\mswsock.dll
0x00007ff98f310000 - 0x00007ff98f325000 	D:\STS\sts-4.17.2.RELEASE\plugins\org.eclipse.justj.openjdk.hotspot.jre.full.win32.x86_64_17.0.6.v20230125-1136\jre\bin\nio.dll
0x00007ff9a3070000 - 0x00007ff9a3079000 	D:\STS\sts-4.17.2.RELEASE\plugins\org.eclipse.justj.openjdk.hotspot.jre.full.win32.x86_64_17.0.6.v20230125-1136\jre\bin\management.dll
0x00007ff99bb80000 - 0x00007ff99bb8b000 	D:\STS\sts-4.17.2.RELEASE\plugins\org.eclipse.justj.openjdk.hotspot.jre.full.win32.x86_64_17.0.6.v20230125-1136\jre\bin\management_ext.dll
0x00007ff9b0130000 - 0x00007ff9b0138000 	C:\Windows\System32\PSAPI.DLL
0x00007ff996ff0000 - 0x00007ff997007000 	C:\Windows\system32\napinsp.dll
0x00007ff996fd0000 - 0x00007ff996feb000 	C:\Windows\system32\pnrpnsp.dll
0x00007ff996f70000 - 0x00007ff996f85000 	C:\Windows\system32\wshbth.dll
0x00007ff9aae00000 - 0x00007ff9aae1d000 	C:\Windows\system32\NLAapi.dll
0x00007ff9ae8e0000 - 0x00007ff9ae91c000 	C:\Windows\SYSTEM32\IPHLPAPI.DLL
0x00007ff9ae920000 - 0x00007ff9ae9ea000 	C:\Windows\SYSTEM32\DNSAPI.dll
0x00007ff9afe30000 - 0x00007ff9afe38000 	C:\Windows\System32\NSI.dll
0x00007ff996d60000 - 0x00007ff996d72000 	C:\Windows\System32\winrnr.dll
0x00007ff9a7f10000 - 0x00007ff9a7f1a000 	C:\Windows\System32\rasadhlp.dll
0x00007ff9aa480000 - 0x00007ff9aa502000 	C:\Windows\System32\fwpuclnt.dll
0x00007ff9afdb0000 - 0x00007ff9afdd7000 	C:\Windows\System32\bcrypt.dll
0x00007ff9aede0000 - 0x00007ff9aedf8000 	C:\Windows\SYSTEM32\CRYPTSP.dll
0x00007ff9ae510000 - 0x00007ff9ae544000 	C:\Windows\system32\rsaenh.dll
0x00007ff9af370000 - 0x00007ff9af39e000 	C:\Windows\SYSTEM32\USERENV.dll
0x00007ff9aee00000 - 0x00007ff9aee0c000 	C:\Windows\SYSTEM32\CRYPTBASE.dll
0x00007ff9aa390000 - 0x00007ff9aa3a7000 	C:\Windows\SYSTEM32\dhcpcsvc6.DLL
0x00007ff9aa370000 - 0x00007ff9aa38d000 	C:\Windows\SYSTEM32\dhcpcsvc.DLL
0x00007ff990b30000 - 0x00007ff990b3e000 	D:\STS\sts-4.17.2.RELEASE\plugins\org.eclipse.justj.openjdk.hotspot.jre.full.win32.x86_64_17.0.6.v20230125-1136\jre\bin\sunmscapi.dll
0x00007ff9af920000 - 0x00007ff9afa7e000 	C:\Windows\System32\CRYPT32.dll
0x00007ff9aef00000 - 0x00007ff9aef28000 	C:\Windows\SYSTEM32\ncrypt.dll
0x00007ff9aeec0000 - 0x00007ff9aeefb000 	C:\Windows\SYSTEM32\NTASN1.dll

dbghelp: loaded successfully - version: 4.0.5 - missing functions: none
symbol engine: initialized successfully - sym options: 0x614 - pdb path: .;D:\STS\sts-4.17.2.RELEASE\plugins\org.eclipse.justj.openjdk.hotspot.jre.full.win32.x86_64_17.0.6.v20230125-1136\jre\bin;C:\Windows\SYSTEM32;C:\Windows\WinSxS\amd64_microsoft.windows.common-controls_6595b64144ccf1df_6.0.19041.1110_none_60b5254171f9507e;D:\STS\sts-4.17.2.RELEASE\plugins\org.eclipse.justj.openjdk.hotspot.jre.full.win32.x86_64_17.0.6.v20230125-1136\jre\bin\server

VM Arguments:
jvm_args: -Dcom.sun.management.jmxremote -Dcom.sun.management.jmxremote.port=61528 -Dcom.sun.management.jmxremote.authenticate=false -Dcom.sun.management.jmxremote.ssl=false -Djava.rmi.server.hostname=localhost -Dspring.jmx.enabled=true -Dmanagement.endpoints.jmx.exposure.include=* -Dspring.application.admin.enabled=true -XX:TieredStopAtLevel=1 -Dspring.boot.project.name=SpringbootWebProject -Dfile.encoding=UTF-8 -XX:+ShowCodeDetailsInExceptionMessages 
java_command: com.springboot.web.SpringbootWebProjectApplication --spring.output.ansi.enabled=always
java_class_path (initial): C:\SpringBootCodes-master\SpringbootWebProject\target\classes;C:\Users\vedantp\.m2\repository\org\apache\tomcat\embed\tomcat-embed-jasper\10.1.5\tomcat-embed-jasper-10.1.5.jar;C:\Users\vedantp\.m2\repository\org\apache\tomcat\embed\tomcat-embed-core\10.1.5\tomcat-embed-core-10.1.5.jar;C:\Users\vedantp\.m2\repository\org\apache\tomcat\tomcat-annotations-api\10.1.5\tomcat-annotations-api-10.1.5.jar;C:\Users\vedantp\.m2\repository\org\apache\tomcat\embed\tomcat-embed-el\10.1.5\tomcat-embed-el-10.1.5.jar;C:\Users\vedantp\.m2\repository\org\eclipse\jdt\ecj\3.32.0\ecj-3.32.0.jar;C:\Users\vedantp\.m2\repository\org\springframework\boot\spring-boot-starter-web\3.0.4\spring-boot-starter-web-3.0.4.jar;C:\Users\vedantp\.m2\repository\org\springframework\boot\spring-boot-starter\3.0.4\spring-boot-starter-3.0.4.jar;C:\Users\vedantp\.m2\repository\org\springframework\boot\spring-boot\3.0.4\spring-boot-3.0.4.jar;C:\Users\vedantp\.m2\repository\org\springframework\boot\spring-boot-autoconfigure\3.0.4\spring-boot-autoconfigure-3.0.4.jar;C:\Users\vedantp\.m2\repository\org\springframework\boot\spring-boot-starter-logging\3.0.4\spring-boot-starter-logging-3.0.4.jar;C:\Users\vedantp\.m2\repository\ch\qos\logback\logback-classic\1.4.5\logback-classic-1.4.5.jar;C:\Users\vedantp\.m2\repository\ch\qos\logback\logback-core\1.4.5\logback-core-1.4.5.jar;C:\Users\vedantp\.m2\repository\org\apache\logging\log4j\log4j-to-slf4j\2.19.0\log4j-to-slf4j-2.19.0.jar;C:\Users\vedantp\.m2\repository\org\apache\logging\log4j\log4j-api\2.19.0\log4j-api-2.19.0.jar;C:\Users\vedantp\.m2\repository\org\slf4j\jul-to-slf4j\2.0.6\jul-to-slf4j-2.0.6.jar;C:\Users\vedantp\.m2\repository\jakarta\annotation\jakarta.annotation-api\2.1.1\jakarta.annotation-api-2.1.1.jar;C:\Users\vedantp\.m2\repository\org\yaml\snakeyaml\1.33\snakeyaml-1.33.jar;C:\Users\vedantp\.m2\repository\org\springframework\boot\spring-boot-starter-json\3.0.4\spring-boot-starter-json-3.0.4.jar;C:\Users\vedantp\.m2\reposi
Launcher Type: SUN_STANDARD

[Global flags]
     intx CICompilerCount                          = 12                                        {product} {ergonomic}
     uint ConcGCThreads                            = 3                                         {product} {ergonomic}
     uint G1ConcRefinementThreads                  = 13                                        {product} {ergonomic}
   size_t G1HeapRegionSize                         = 2097152                                   {product} {ergonomic}
    uintx GCDrainStackTargetSize                   = 64                                        {product} {ergonomic}
   size_t InitialHeapSize                          = 266338304                                 {product} {ergonomic}
     bool ManagementServer                         = true                                      {product} {command line}
   size_t MarkStackSize                            = 4194304                                   {product} {ergonomic}
   size_t MaxHeapSize                              = 4257218560                                {product} {ergonomic}
   size_t MaxNewSize                               = 2554331136                                {product} {ergonomic}
   size_t MinHeapDeltaBytes                        = 2097152                                   {product} {ergonomic}
   size_t MinHeapSize                              = 8388608                                   {product} {ergonomic}
    uintx NonProfiledCodeHeapSize                  = 0                                      {pd product} {ergonomic}
     bool ProfileInterpreter                       = false                                  {pd product} {command line}
    uintx ProfiledCodeHeapSize                     = 0                                      {pd product} {ergonomic}
     bool ShowCodeDetailsInExceptionMessages       = true                                   {manageable} {command line}
   size_t SoftMaxHeapSize                          = 4257218560                             {manageable} {ergonomic}
     intx TieredStopAtLevel                        = 1                                         {product} {command line}
     bool UseCompressedClassPointers               = true                           {product lp64_product} {ergonomic}
     bool UseCompressedOops                        = true                           {product lp64_product} {ergonomic}
     bool UseG1GC                                  = true                                      {product} {ergonomic}
     bool UseLargePagesIndividualAllocation        = false                                  {pd product} {ergonomic}

Logging:
Log output configuration:
 #0: stdout all=warning uptime,level,tags
 #1: stderr all=off uptime,level,tags

Environment Variables:
JAVA_HOME=C:\Program Files\Java\jdk-17
PATH=C:/sts-4.17.2.RELEASE//plugins/org.eclipse.justj.openjdk.hotspot.jre.full.win32.x86_64_17.0.6.v20230125-1136/jre/bin/server;C:/sts-4.17.2.RELEASE//plugins/org.eclipse.justj.openjdk.hotspot.jre.full.win32.x86_64_17.0.6.v20230125-1136/jre/bin;C:\Program Files\Java\jdk-17\bin;C:\Program Files\Common Files\Oracle\Java\javapath;C:\Program Files (x86)\Common Files\Oracle\Java\javapath;C:\Windows\system32;C:\Windows;C:\Windows\System32\Wbem;C:\Windows\System32\WindowsPowerShell\v1.0\;C:\Windows\System32\OpenSSH\;C:\Program Files\Git\cmd;C:\Program Files\MySQL\MySQL Shell 8.0\bin\;C:\Users\vedantp\AppData\Local\Microsoft\WindowsApps;;C:\Users\vedantp\AppData\Local\Programs\Microsoft VS Code\bin;C:\sts-4.17.2.RELEASE;
USERNAME=vedantp
OS=Windows_NT
PROCESSOR_IDENTIFIER=Intel64 Family 6 Model 165 Stepping 5, GenuineIntel
TMP=C:\Users\vedantp\AppData\Local\Temp
TEMP=C:\Users\vedantp\AppData\Local\Temp



---------------  S Y S T E M  ---------------

OS:
 Windows 10 , 64 bit Build 19041 (10.0.19041.3031)
OS uptime: 0 days 7:36 hours

CPU: total 16 (initial active 16) (8 cores per cpu, 2 threads per core) family 6 model 165 stepping 5 microcode 0xf0, cx8, cmov, fxsr, ht, mmx, 3dnowpref, sse, sse2, sse3, ssse3, sse4.1, sse4.2, popcnt, lzcnt, tsc, tscinvbit, avx, avx2, aes, erms, clmul, bmi1, bmi2, adx, fma, vzeroupper, clflush, clflushopt

Memory: 4k page, system-wide physical 16233M (7032M free)
TotalPageFile size 18665M (AvailPageFile size 5205M)
current process WorkingSet (physical memory assigned to process): 128M, peak: 128M
current process commit charge ("private bytes"): 277M, peak: 372M

vm_info: OpenJDK 64-Bit Server VM (17.0.6+10) for windows-amd64 JRE (17.0.6+10), built on Jan 18 2023 10:08:59 by "temurin" with MS VC++ 16.7 (VS2019)

END.
